2025-12-09 15:56:56,177 WARNING database DDL Query made to DB:
create table `tabEmail Account` (
			name varchar(140) primary key,
			creation datetime(6),
			modified datetime(6),
			modified_by varchar(140),
			owner varchar(140),
			docstatus tinyint not null default '0',
			idx int not null default '0',
			`email_id` varchar(140),
`email_account_name` varchar(140) UNIQUE,
`enable_incoming` tinyint(4) NOT NULL DEFAULT 0,
`enable_outgoing` tinyint(4) NOT NULL DEFAULT 0,
`service` varchar(140),
`domain` varchar(140),
`frappe_mail_site` varchar(140) DEFAULT 'https://frappemail.com',
`auth_method` varchar(140) DEFAULT 'Basic',
`backend_app_flow` tinyint(4) NOT NULL DEFAULT 0,
`password` text,
`awaiting_password` tinyint(4) NOT NULL DEFAULT 0,
`ascii_encode_password` tinyint(4) NOT NULL DEFAULT 0,
`api_key` varchar(140),
`api_secret` text,
`connected_app` varchar(140),
`connected_user` varchar(140),
`login_id_is_different` tinyint(4) NOT NULL DEFAULT 0,
`login_id` varchar(140),
`default_incoming` tinyint(4) NOT NULL DEFAULT 0,
`attachment_limit` int(11) NOT NULL DEFAULT 0,
`last_received_at` datetime(6),
`use_imap` tinyint(4) NOT NULL DEFAULT 0,
`use_ssl` tinyint(4) NOT NULL DEFAULT 0,
`validate_ssl_certificate` tinyint(4) NOT NULL DEFAULT 1,
`use_starttls` tinyint(4) NOT NULL DEFAULT 0,
`email_server` varchar(140),
`incoming_port` varchar(140),
`email_sync_option` varchar(140) DEFAULT 'UNSEEN',
`initial_sync_count` varchar(140) DEFAULT '250',
`append_emails_to_sent_folder` tinyint(4) NOT NULL DEFAULT 0,
`sent_folder_name` varchar(140),
`append_to` varchar(140),
`create_contact` tinyint(4) NOT NULL DEFAULT 1,
`enable_automatic_linking` tinyint(4) NOT NULL DEFAULT 0,
`notify_if_unreplied` tinyint(4) NOT NULL DEFAULT 0,
`unreplied_for_mins` int(11) NOT NULL DEFAULT 30,
`send_notification_to` text,
`default_outgoing` tinyint(4) NOT NULL DEFAULT 0,
`always_use_account_email_id_as_sender` tinyint(4) NOT NULL DEFAULT 0,
`always_use_account_name_as_sender_name` tinyint(4) NOT NULL DEFAULT 0,
`send_unsubscribe_message` tinyint(4) NOT NULL DEFAULT 1,
`track_email_status` tinyint(4) NOT NULL DEFAULT 1,
`use_tls` tinyint(4) NOT NULL DEFAULT 0,
`use_ssl_for_outgoing` tinyint(4) NOT NULL DEFAULT 0,
`smtp_server` varchar(140),
`smtp_port` varchar(140),
`no_smtp_authentication` tinyint(4) NOT NULL DEFAULT 0,
`always_bcc` varchar(140),
`add_signature` tinyint(4) NOT NULL DEFAULT 0,
`signature` longtext,
`enable_auto_reply` tinyint(4) NOT NULL DEFAULT 0,
`auto_reply_message` longtext,
`footer` longtext,
`brand_logo` text,
`uidvalidity` varchar(140),
`uidnext` int(11) NOT NULL DEFAULT 0,
`no_failed` int(11) NOT NULL DEFAULT 0,
`_user_tags` text,
`_comments` text,
`_assign` text,
`_liked_by` text,
index creation(creation))
			ENGINE=InnoDB
			ROW_FORMAT=DYNAMIC
			CHARACTER SET=utf8mb4
			COLLATE=utf8mb4_unicode_ci
2025-12-09 15:56:56,201 WARNING database DDL Query made to DB:
alter table `tabEmail Account`
					add unique `unique_email_account_type`(email_id, enable_incoming, enable_outgoing)
2025-12-09 15:56:56,245 WARNING database DDL Query made to DB:
create table `tabEmail Flag Queue` (
			name varchar(140) primary key,
			creation datetime(6),
			modified datetime(6),
			modified_by varchar(140),
			owner varchar(140),
			docstatus tinyint not null default '0',
			idx int not null default '0',
			`is_completed` tinyint(4) NOT NULL DEFAULT 0,
`communication` varchar(140),
`action` varchar(140),
`email_account` varchar(140),
`uid` varchar(140),
`_user_tags` text,
`_comments` text,
`_assign` text,
`_liked_by` text,
index creation(creation))
			ENGINE=InnoDB
			ROW_FORMAT=DYNAMIC
			CHARACTER SET=utf8mb4
			COLLATE=utf8mb4_unicode_ci
2025-12-09 15:56:56,307 WARNING database DDL Query made to DB:
create table `tabEmail Domain` (
			name varchar(140) primary key,
			creation datetime(6),
			modified datetime(6),
			modified_by varchar(140),
			owner varchar(140),
			docstatus tinyint not null default '0',
			idx int not null default '0',
			`domain_name` varchar(140) UNIQUE,
`email_server` varchar(140),
`use_imap` tinyint(4) NOT NULL DEFAULT 0,
`use_ssl` tinyint(4) NOT NULL DEFAULT 0,
`validate_ssl_certificate` tinyint(4) NOT NULL DEFAULT 1,
`use_starttls` tinyint(4) NOT NULL DEFAULT 0,
`incoming_port` varchar(140),
`attachment_limit` int(11) NOT NULL DEFAULT 0,
`smtp_server` varchar(140),
`use_tls` tinyint(4) NOT NULL DEFAULT 0,
`use_ssl_for_outgoing` tinyint(4) NOT NULL DEFAULT 0,
`validate_ssl_certificate_for_outgoing` tinyint(4) NOT NULL DEFAULT 1,
`smtp_port` varchar(140),
`append_emails_to_sent_folder` tinyint(4) NOT NULL DEFAULT 0,
`sent_folder_name` varchar(140) DEFAULT 'Sent',
`_user_tags` text,
`_comments` text,
`_assign` text,
`_liked_by` text,
index creation(creation))
			ENGINE=InnoDB
			ROW_FORMAT=DYNAMIC
			CHARACTER SET=utf8mb4
			COLLATE=utf8mb4_unicode_ci
2025-12-09 15:56:56,351 WARNING database DDL Query made to DB:
create table `tabEmail Queue Recipient` (
			name varchar(140) primary key,
			creation datetime(6),
			modified datetime(6),
			modified_by varchar(140),
			owner varchar(140),
			docstatus tinyint not null default '0',
			idx int not null default '0',
			`recipient` varchar(140),
`status` varchar(140) DEFAULT 'Not Sent',
`error` longtext,
index `status`(`status`),
parent varchar(140),
parentfield varchar(140),
parenttype varchar(140),
index parent(parent))
			ENGINE=InnoDB
			ROW_FORMAT=DYNAMIC
			CHARACTER SET=utf8mb4
			COLLATE=utf8mb4_unicode_ci
2025-12-09 15:56:56,372 WARNING database DDL Query made to DB:
ALTER TABLE `tabEmail Queue Recipient`
				ADD INDEX IF NOT EXISTS `modified_index`(modified)
2025-12-09 15:56:56,475 WARNING database DDL Query made to DB:
create table `tabEmail Queue` (
			name varchar(140) primary key,
			creation datetime(6),
			modified datetime(6),
			modified_by varchar(140),
			owner varchar(140),
			docstatus tinyint not null default '0',
			idx int not null default '0',
			`sender` varchar(140),
`show_as_cc` text,
`message` longtext,
`status` varchar(140) DEFAULT 'Not Sent',
`error` longtext,
`message_id` text,
`reference_doctype` varchar(140),
`reference_name` varchar(140),
`communication` varchar(140),
`send_after` datetime(6),
`priority` int(11) NOT NULL DEFAULT 1,
`add_unsubscribe_link` tinyint(4) NOT NULL DEFAULT 1,
`unsubscribe_params` longtext,
`unsubscribe_method` varchar(140),
`expose_recipients` varchar(140),
`attachments` longtext,
`retry` int(11) NOT NULL DEFAULT 0,
`email_account` varchar(140),
`_user_tags` text,
`_comments` text,
`_assign` text,
`_liked_by` text,
index `reference_name`(`reference_name`),
index `communication`(`communication`),
index creation(creation))
			ENGINE=InnoDB
			ROW_FORMAT=COMPRESSED
			CHARACTER SET=utf8mb4
			COLLATE=utf8mb4_unicode_ci
2025-12-09 15:56:56,505 WARNING database DDL Query made to DB:
ALTER TABLE `tabEmail Queue`
				ADD INDEX IF NOT EXISTS `index_bulk_flush`(status, send_after, priority, creation)
2025-12-09 15:56:56,514 WARNING database DDL Query made to DB:
ALTER TABLE `tabEmail Queue`
				ADD INDEX IF NOT EXISTS `message_id_index`(message_id(140))
2025-12-09 15:56:56,559 WARNING database DDL Query made to DB:
create table `tabEmail Unsubscribe` (
			name varchar(140) primary key,
			creation datetime(6),
			modified datetime(6),
			modified_by varchar(140),
			owner varchar(140),
			docstatus tinyint not null default '0',
			idx int not null default '0',
			`email` varchar(140),
`reference_doctype` varchar(140),
`reference_name` varchar(140),
`global_unsubscribe` tinyint(4) NOT NULL DEFAULT 0,
`_user_tags` text,
`_comments` text,
`_assign` text,
`_liked_by` text,
index `email`(`email`),
index creation(creation))
			ENGINE=InnoDB
			ROW_FORMAT=DYNAMIC
			CHARACTER SET=utf8mb4
			COLLATE=utf8mb4_unicode_ci
2025-12-09 15:56:56,606 WARNING database DDL Query made to DB:
create table `tabEmail Rule` (
			name varchar(140) primary key,
			creation datetime(6),
			modified datetime(6),
			modified_by varchar(140),
			owner varchar(140),
			docstatus tinyint not null default '0',
			idx int not null default '0',
			`email_id` varchar(140) UNIQUE,
`is_spam` tinyint(4) NOT NULL DEFAULT 0,
`_user_tags` text,
`_comments` text,
`_assign` text,
`_liked_by` text,
index creation(creation))
			ENGINE=InnoDB
			ROW_FORMAT=DYNAMIC
			CHARACTER SET=utf8mb4
			COLLATE=utf8mb4_unicode_ci
2025-12-09 15:56:56,662 WARNING database DDL Query made to DB:
create table `tabDocument Follow` (
			name varchar(140) primary key,
			creation datetime(6),
			modified datetime(6),
			modified_by varchar(140),
			owner varchar(140),
			docstatus tinyint not null default '0',
			idx int not null default '0',
			`ref_doctype` varchar(140),
`ref_docname` varchar(140),
`user` varchar(140),
`_user_tags` text,
`_comments` text,
`_assign` text,
`_liked_by` text,
index `ref_doctype`(`ref_doctype`),
index `ref_docname`(`ref_docname`),
index `user`(`user`),
index creation(creation))
			ENGINE=InnoDB
			ROW_FORMAT=DYNAMIC
			CHARACTER SET=utf8mb4
			COLLATE=utf8mb4_unicode_ci
2025-12-09 15:56:56,718 WARNING database DDL Query made to DB:
create table `tabEmail Group Member` (
			name varchar(140) primary key,
			creation datetime(6),
			modified datetime(6),
			modified_by varchar(140),
			owner varchar(140),
			docstatus tinyint not null default '0',
			idx int not null default '0',
			`email_group` varchar(140),
`email` varchar(140),
`unsubscribed` tinyint(4) NOT NULL DEFAULT 0,
`_user_tags` text,
`_comments` text,
`_assign` text,
`_liked_by` text,
index `email_group`(`email_group`),
index `unsubscribed`(`unsubscribed`),
index creation(creation))
			ENGINE=InnoDB
			ROW_FORMAT=DYNAMIC
			CHARACTER SET=utf8mb4
			COLLATE=utf8mb4_unicode_ci
2025-12-09 15:56:56,744 WARNING database DDL Query made to DB:
alter table `tabEmail Group Member`
					add unique `unique_email_group_email`(email_group, email)
2025-12-09 15:56:56,785 WARNING database DDL Query made to DB:
create table `tabEmail Template` (
			name varchar(140) primary key,
			creation datetime(6),
			modified datetime(6),
			modified_by varchar(140),
			owner varchar(140),
			docstatus tinyint not null default '0',
			idx int not null default '0',
			`subject` varchar(140),
`use_html` tinyint(4) NOT NULL DEFAULT 0,
`response_html` longtext,
`response` longtext,
`_user_tags` text,
`_comments` text,
`_assign` text,
`_liked_by` text,
index creation(creation))
			ENGINE=InnoDB
			ROW_FORMAT=DYNAMIC
			CHARACTER SET=utf8mb4
			COLLATE=utf8mb4_unicode_ci
2025-12-09 15:56:56,831 WARNING database DDL Query made to DB:
create table `tabIMAP Folder` (
			name varchar(140) primary key,
			creation datetime(6),
			modified datetime(6),
			modified_by varchar(140),
			owner varchar(140),
			docstatus tinyint not null default '0',
			idx int not null default '0',
			`folder_name` varchar(140),
`append_to` varchar(140),
`uidvalidity` varchar(140),
`uidnext` varchar(140),
parent varchar(140),
parentfield varchar(140),
parenttype varchar(140),
index parent(parent))
			ENGINE=InnoDB
			ROW_FORMAT=DYNAMIC
			CHARACTER SET=utf8mb4
			COLLATE=utf8mb4_unicode_ci
2025-12-09 15:56:56,913 WARNING database DDL Query made to DB:
create table `tabEmail Group` (
			name varchar(140) primary key,
			creation datetime(6),
			modified datetime(6),
			modified_by varchar(140),
			owner varchar(140),
			docstatus tinyint not null default '0',
			idx int not null default '0',
			`title` varchar(140) UNIQUE,
`total_subscribers` int(11) NOT NULL DEFAULT 0,
`confirmation_email_template` varchar(140),
`welcome_email_template` varchar(140),
`welcome_url` varchar(140),
`add_query_parameters` tinyint(4) NOT NULL DEFAULT 0,
`_user_tags` text,
`_comments` text,
`_assign` text,
`_liked_by` text,
index creation(creation))
			ENGINE=InnoDB
			ROW_FORMAT=DYNAMIC
			CHARACTER SET=utf8mb4
			COLLATE=utf8mb4_unicode_ci
2025-12-09 15:56:56,999 WARNING database DDL Query made to DB:
create table `tabUnhandled Email` (
			name varchar(140) primary key,
			creation datetime(6),
			modified datetime(6),
			modified_by varchar(140),
			owner varchar(140),
			docstatus tinyint not null default '0',
			idx int not null default '0',
			`email_account` varchar(140),
`uid` varchar(140),
`reason` longtext,
`message_id` longtext,
`raw` longtext,
`_user_tags` text,
`_comments` text,
`_assign` text,
`_liked_by` text,
index creation(creation))
			ENGINE=InnoDB
			ROW_FORMAT=DYNAMIC
			CHARACTER SET=utf8mb4
			COLLATE=utf8mb4_unicode_ci
2025-12-09 15:56:57,053 WARNING database DDL Query made to DB:
create table `tabDocType Layout Field` (
			name varchar(140) primary key,
			creation datetime(6),
			modified datetime(6),
			modified_by varchar(140),
			owner varchar(140),
			docstatus tinyint not null default '0',
			idx int not null default '0',
			`label` varchar(140),
`fieldname` varchar(140),
parent varchar(140),
parentfield varchar(140),
parenttype varchar(140),
index parent(parent))
			ENGINE=InnoDB
			ROW_FORMAT=DYNAMIC
			CHARACTER SET=utf8mb4
			COLLATE=utf8mb4_unicode_ci
2025-12-09 15:56:57,212 WARNING database DDL Query made to DB:
create table `tabDocType Layout` (
			name varchar(140) primary key,
			creation datetime(6),
			modified datetime(6),
			modified_by varchar(140),
			owner varchar(140),
			docstatus tinyint not null default '0',
			idx int not null default '0',
			`document_type` varchar(140),
`route` varchar(140),
`client_script` longtext,
`_user_tags` text,
`_comments` text,
`_assign` text,
`_liked_by` text,
index creation(creation))
			ENGINE=InnoDB
			ROW_FORMAT=DYNAMIC
			CHARACTER SET=utf8mb4
			COLLATE=utf8mb4_unicode_ci
2025-12-09 15:56:57,321 WARNING database DDL Query made to DB:
create table `tabCustomize Form Field` (
			name varchar(140) primary key,
			creation datetime(6),
			modified datetime(6),
			modified_by varchar(140),
			owner varchar(140),
			docstatus tinyint not null default '0',
			idx int not null default '0',
			`is_system_generated` tinyint(4) NOT NULL DEFAULT 0,
`label` varchar(140),
`fieldtype` varchar(140) DEFAULT 'Data',
`fieldname` varchar(140),
`non_negative` tinyint(4) NOT NULL DEFAULT 0,
`reqd` tinyint(4) NOT NULL DEFAULT 0,
`unique` tinyint(4) NOT NULL DEFAULT 0,
`is_virtual` tinyint(4) NOT NULL DEFAULT 0,
`in_list_view` tinyint(4) NOT NULL DEFAULT 0,
`in_standard_filter` tinyint(4) NOT NULL DEFAULT 0,
`in_global_search` tinyint(4) NOT NULL DEFAULT 0,
`in_preview` tinyint(4) NOT NULL DEFAULT 0,
`bold` tinyint(4) NOT NULL DEFAULT 0,
`no_copy` tinyint(4) NOT NULL DEFAULT 0,
`allow_in_quick_entry` tinyint(4) NOT NULL DEFAULT 0,
`translatable` tinyint(4) NOT NULL DEFAULT 1,
`link_filters` json,
`default` text,
`precision` varchar(140),
`length` int(11) NOT NULL DEFAULT 0,
`options` text,
`sort_options` tinyint(4) NOT NULL DEFAULT 0,
`fetch_from` text,
`fetch_if_empty` tinyint(4) NOT NULL DEFAULT 0,
`show_dashboard` tinyint(4) NOT NULL DEFAULT 0,
`depends_on` longtext,
`permlevel` int(11) NOT NULL DEFAULT 0,
`hidden` tinyint(4) NOT NULL DEFAULT 0,
`read_only` tinyint(4) NOT NULL DEFAULT 0,
`collapsible` tinyint(4) NOT NULL DEFAULT 0,
`allow_bulk_edit` tinyint(4) NOT NULL DEFAULT 0,
`collapsible_depends_on` longtext,
`ignore_user_permissions` tinyint(4) NOT NULL DEFAULT 0,
`allow_on_submit` tinyint(4) NOT NULL DEFAULT 0,
`report_hide` tinyint(4) NOT NULL DEFAULT 0,
`remember_last_selected_value` tinyint(4) NOT NULL DEFAULT 0,
`hide_border` tinyint(4) NOT NULL DEFAULT 0,
`ignore_xss_filter` tinyint(4) NOT NULL DEFAULT 0,
`mandatory_depends_on` longtext,
`read_only_depends_on` longtext,
`in_filter` tinyint(4) NOT NULL DEFAULT 0,
`hide_seconds` tinyint(4) NOT NULL DEFAULT 0,
`hide_days` tinyint(4) NOT NULL DEFAULT 0,
`description` text,
`placeholder` varchar(140),
`print_hide` tinyint(4) NOT NULL DEFAULT 0,
`print_hide_if_no_value` tinyint(4) NOT NULL DEFAULT 0,
`print_width` varchar(140),
`columns` int(11) NOT NULL DEFAULT 0,
`width` varchar(140),
`is_custom_field` tinyint(4) NOT NULL DEFAULT 0,
index `label`(`label`),
index `fieldtype`(`fieldtype`),
index `fieldname`(`fieldname`),
parent varchar(140),
parentfield varchar(140),
parenttype varchar(140),
index parent(parent))
			ENGINE=InnoDB
			ROW_FORMAT=DYNAMIC
			CHARACTER SET=utf8mb4
			COLLATE=utf8mb4_unicode_ci
2025-12-09 15:56:57,517 WARNING database DDL Query made to DB:
create table `tabCurrency` (
			name varchar(140) primary key,
			creation datetime(6),
			modified datetime(6),
			modified_by varchar(140),
			owner varchar(140),
			docstatus tinyint not null default '0',
			idx int not null default '0',
			`currency_name` varchar(140) UNIQUE,
`enabled` tinyint(4) NOT NULL DEFAULT 0,
`fraction` varchar(140),
`fraction_units` int(11) NOT NULL DEFAULT 0,
`smallest_currency_fraction_value` decimal(21,9) NOT NULL DEFAULT 0.0,
`symbol` varchar(140),
`symbol_on_right` tinyint(4) NOT NULL DEFAULT 0,
`number_format` varchar(140),
`_user_tags` text,
`_comments` text,
`_assign` text,
`_liked_by` text,
index creation(creation))
			ENGINE=InnoDB
			ROW_FORMAT=DYNAMIC
			CHARACTER SET=utf8mb4
			COLLATE=utf8mb4_unicode_ci
2025-12-09 15:56:57,684 WARNING database DDL Query made to DB:
create table `tabCountry` (
			name varchar(140) primary key,
			creation datetime(6),
			modified datetime(6),
			modified_by varchar(140),
			owner varchar(140),
			docstatus tinyint not null default '0',
			idx int not null default '0',
			`country_name` varchar(140) UNIQUE,
`code` varchar(64),
`date_format` varchar(140),
`time_format` varchar(140) DEFAULT 'HH:mm:ss',
`time_zones` text,
`_user_tags` text,
`_comments` text,
`_assign` text,
`_liked_by` text,
index creation(creation))
			ENGINE=InnoDB
			ROW_FORMAT=DYNAMIC
			CHARACTER SET=utf8mb4
			COLLATE=utf8mb4_unicode_ci
2025-12-09 15:56:57,969 WARNING database DDL Query made to DB:
create table `tabNotification Log` (
			name varchar(140) primary key,
			creation datetime(6),
			modified datetime(6),
			modified_by varchar(140),
			owner varchar(140),
			docstatus tinyint not null default '0',
			idx int not null default '0',
			`subject` text,
`for_user` varchar(140),
`type` varchar(140),
`email_content` longtext,
`document_type` varchar(140),
`read` tinyint(4) NOT NULL DEFAULT 0,
`document_name` varchar(140),
`attached_file` longtext,
`from_user` varchar(140),
`link` text,
`email_header` varchar(140),
`_user_tags` text,
`_comments` text,
`_assign` text,
`_liked_by` text,
`_seen` text,
index `for_user`(`for_user`),
index `document_name`(`document_name`),
index creation(creation))
			ENGINE=InnoDB
			ROW_FORMAT=DYNAMIC
			CHARACTER SET=utf8mb4
			COLLATE=utf8mb4_unicode_ci
2025-12-09 15:56:58,021 WARNING database DDL Query made to DB:
create table `tabCustom HTML Block` (
			name varchar(140) primary key,
			creation datetime(6),
			modified datetime(6),
			modified_by varchar(140),
			owner varchar(140),
			docstatus tinyint not null default '0',
			idx int not null default '0',
			`private` tinyint(4) NOT NULL DEFAULT 0,
`html` longtext,
`script` longtext,
`style` longtext,
`_user_tags` text,
`_comments` text,
`_assign` text,
`_liked_by` text,
index creation(creation))
			ENGINE=InnoDB
			ROW_FORMAT=DYNAMIC
			CHARACTER SET=utf8mb4
			COLLATE=utf8mb4_unicode_ci
2025-12-09 15:56:58,088 WARNING database DDL Query made to DB:
create table `tabNotification Settings` (
			name varchar(140) primary key,
			creation datetime(6),
			modified datetime(6),
			modified_by varchar(140),
			owner varchar(140),
			docstatus tinyint not null default '0',
			idx int not null default '0',
			`enabled` tinyint(4) NOT NULL DEFAULT 1,
`enable_email_notifications` tinyint(4) NOT NULL DEFAULT 1,
`enable_email_mention` tinyint(4) NOT NULL DEFAULT 1,
`enable_email_assignment` tinyint(4) NOT NULL DEFAULT 1,
`enable_email_threads_on_assigned_document` tinyint(4) NOT NULL DEFAULT 1,
`enable_email_share` tinyint(4) NOT NULL DEFAULT 1,
`enable_email_event_reminders` tinyint(4) NOT NULL DEFAULT 1,
`user` varchar(140),
`seen` tinyint(4) NOT NULL DEFAULT 0,
`_user_tags` text,
`_comments` text,
`_assign` text,
`_liked_by` text,
index creation(creation))
			ENGINE=InnoDB
			ROW_FORMAT=DYNAMIC
			CHARACTER SET=utf8mb4
			COLLATE=utf8mb4_unicode_ci
2025-12-09 15:56:58,157 WARNING database DDL Query made to DB:
create table `tabDashboard Chart Link` (
			name varchar(140) primary key,
			creation datetime(6),
			modified datetime(6),
			modified_by varchar(140),
			owner varchar(140),
			docstatus tinyint not null default '0',
			idx int not null default '0',
			`chart` varchar(140),
`width` varchar(140) DEFAULT 'Half',
parent varchar(140),
parentfield varchar(140),
parenttype varchar(140),
index parent(parent))
			ENGINE=InnoDB
			ROW_FORMAT=DYNAMIC
			CHARACTER SET=utf8mb4
			COLLATE=utf8mb4_unicode_ci
2025-12-09 15:56:58,284 WARNING database DDL Query made to DB:
create table `tabKanban Board Column` (
			name varchar(140) primary key,
			creation datetime(6),
			modified datetime(6),
			modified_by varchar(140),
			owner varchar(140),
			docstatus tinyint not null default '0',
			idx int not null default '0',
			`column_name` varchar(140),
`status` varchar(140) DEFAULT 'Active',
`indicator` varchar(140) DEFAULT 'Gray',
`order` longtext,
parent varchar(140),
parentfield varchar(140),
parenttype varchar(140),
index parent(parent))
			ENGINE=InnoDB
			ROW_FORMAT=DYNAMIC
			CHARACTER SET=utf8mb4
			COLLATE=utf8mb4_unicode_ci
2025-12-09 15:56:58,393 WARNING database DDL Query made to DB:
create table `tabTag` (
			name varchar(140) primary key,
			creation datetime(6),
			modified datetime(6),
			modified_by varchar(140),
			owner varchar(140),
			docstatus tinyint not null default '0',
			idx int not null default '0',
			`description` text,
`_user_tags` text,
`_comments` text,
`_assign` text,
`_liked_by` text,
index creation(creation))
			ENGINE=InnoDB
			ROW_FORMAT=DYNAMIC
			CHARACTER SET=utf8mb4
			COLLATE=utf8mb4_unicode_ci
2025-12-09 15:56:58,511 WARNING database DDL Query made to DB:
create table `tabToDo` (
			name varchar(140) primary key,
			creation datetime(6),
			modified datetime(6),
			modified_by varchar(140),
			owner varchar(140),
			docstatus tinyint not null default '0',
			idx int not null default '0',
			`status` varchar(140) DEFAULT 'Open',
`priority` varchar(140) DEFAULT 'Medium',
`color` varchar(140),
`date` date,
`allocated_to` varchar(140),
`description` longtext,
`reference_type` varchar(140),
`reference_name` varchar(140),
`role` varchar(140),
`assigned_by` varchar(140),
`assigned_by_full_name` varchar(140),
`sender` varchar(140),
`assignment_rule` varchar(140),
`_user_tags` text,
`_comments` text,
`_assign` text,
`_liked_by` text,
`_seen` text,
index creation(creation))
			ENGINE=InnoDB
			ROW_FORMAT=DYNAMIC
			CHARACTER SET=utf8mb4
			COLLATE=utf8mb4_unicode_ci
2025-12-09 15:56:58,539 WARNING database DDL Query made to DB:
ALTER TABLE `tabToDo`
				ADD INDEX IF NOT EXISTS `reference_type_reference_name_index`(reference_type, reference_name)
2025-12-09 15:56:58,590 WARNING database DDL Query made to DB:
create table `tabNumber Card Link` (
			name varchar(140) primary key,
			creation datetime(6),
			modified datetime(6),
			modified_by varchar(140),
			owner varchar(140),
			docstatus tinyint not null default '0',
			idx int not null default '0',
			`card` varchar(140),
parent varchar(140),
parentfield varchar(140),
parenttype varchar(140),
index parent(parent))
			ENGINE=InnoDB
			ROW_FORMAT=DYNAMIC
			CHARACTER SET=utf8mb4
			COLLATE=utf8mb4_unicode_ci
2025-12-09 15:56:58,639 WARNING database DDL Query made to DB:
create table `tabNotification Subscribed Document` (
			name varchar(140) primary key,
			creation datetime(6),
			modified datetime(6),
			modified_by varchar(140),
			owner varchar(140),
			docstatus tinyint not null default '0',
			idx int not null default '0',
			`document` varchar(140),
parent varchar(140),
parentfield varchar(140),
parenttype varchar(140),
index parent(parent))
			ENGINE=InnoDB
			ROW_FORMAT=DYNAMIC
			CHARACTER SET=utf8mb4
			COLLATE=utf8mb4_unicode_ci
2025-12-09 15:56:58,689 WARNING database DDL Query made to DB:
create table `tabDashboard Chart Field` (
			name varchar(140) primary key,
			creation datetime(6),
			modified datetime(6),
			modified_by varchar(140),
			owner varchar(140),
			docstatus tinyint not null default '0',
			idx int not null default '0',
			`y_field` varchar(140),
`color` varchar(140),
parent varchar(140),
parentfield varchar(140),
parenttype varchar(140),
index parent(parent))
			ENGINE=InnoDB
			ROW_FORMAT=DYNAMIC
			CHARACTER SET=utf8mb4
			COLLATE=utf8mb4_unicode_ci
2025-12-09 15:56:58,762 WARNING database DDL Query made to DB:
create table `tabTag Link` (
			name varchar(140) primary key,
			creation datetime(6),
			modified datetime(6),
			modified_by varchar(140),
			owner varchar(140),
			docstatus tinyint not null default '0',
			idx int not null default '0',
			`document_type` varchar(140),
`document_name` varchar(140),
`tag` varchar(140),
`title` varchar(140),
`_user_tags` text,
`_comments` text,
`_assign` text,
`_liked_by` text,
index creation(creation))
			ENGINE=InnoDB
			ROW_FORMAT=DYNAMIC
			CHARACTER SET=utf8mb4
			COLLATE=utf8mb4_unicode_ci
2025-12-09 15:56:58,789 WARNING database DDL Query made to DB:
ALTER TABLE `tabTag Link`
				ADD INDEX IF NOT EXISTS `document_type_document_name_index`(document_type, document_name)
2025-12-09 15:56:58,850 WARNING database DDL Query made to DB:
create table `tabDesktop Icon` (
			name varchar(140) primary key,
			creation datetime(6),
			modified datetime(6),
			modified_by varchar(140),
			owner varchar(140),
			docstatus tinyint not null default '0',
			idx int not null default '0',
			`module_name` varchar(140),
`label` varchar(140),
`standard` tinyint(4) NOT NULL DEFAULT 0,
`custom` tinyint(4) NOT NULL DEFAULT 0,
`app` varchar(140),
`description` text,
`category` varchar(140),
`hidden` tinyint(4) NOT NULL DEFAULT 0,
`blocked` tinyint(4) NOT NULL DEFAULT 0,
`force_show` tinyint(4) NOT NULL DEFAULT 0,
`type` varchar(140),
`_doctype` varchar(140),
`_report` varchar(140),
`link` text,
`color` varchar(140),
`icon` varchar(140),
`reverse` tinyint(4) NOT NULL DEFAULT 0,
`_user_tags` text,
`_comments` text,
`_assign` text,
`_liked_by` text,
index creation(creation))
			ENGINE=InnoDB
			ROW_FORMAT=DYNAMIC
			CHARACTER SET=utf8mb4
			COLLATE=utf8mb4_unicode_ci
2025-12-09 15:56:58,877 WARNING database DDL Query made to DB:
alter table `tabDesktop Icon`
					add unique `unique_module_name_owner_standard`(module_name, owner, standard)
2025-12-09 15:56:58,977 WARNING database DDL Query made to DB:
create table `tabCalendar View` (
			name varchar(140) primary key,
			creation datetime(6),
			modified datetime(6),
			modified_by varchar(140),
			owner varchar(140),
			docstatus tinyint not null default '0',
			idx int not null default '0',
			`reference_doctype` varchar(140),
`subject_field` varchar(140),
`start_date_field` varchar(140),
`end_date_field` varchar(140),
`all_day` tinyint(4) NOT NULL DEFAULT 0,
`_user_tags` text,
`_comments` text,
`_assign` text,
`_liked_by` text,
index creation(creation))
			ENGINE=InnoDB
			ROW_FORMAT=DYNAMIC
			CHARACTER SET=utf8mb4
			COLLATE=utf8mb4_unicode_ci
2025-12-09 15:56:59,046 WARNING database DDL Query made to DB:
create table `tabNote` (
			name varchar(140) primary key,
			creation datetime(6),
			modified datetime(6),
			modified_by varchar(140),
			owner varchar(140),
			docstatus tinyint not null default '0',
			idx int not null default '0',
			`title` varchar(140),
`public` tinyint(4) NOT NULL DEFAULT 0,
`notify_on_login` tinyint(4) NOT NULL DEFAULT 0,
`notify_on_every_login` tinyint(4) NOT NULL DEFAULT 0,
`expire_notification_on` datetime(6),
`content` longtext,
`_user_tags` text,
`_comments` text,
`_assign` text,
`_liked_by` text,
index `expire_notification_on`(`expire_notification_on`),
index creation(creation))
			ENGINE=InnoDB
			ROW_FORMAT=DYNAMIC
			CHARACTER SET=utf8mb4
			COLLATE=utf8mb4_unicode_ci
2025-12-09 15:56:59,109 WARNING database DDL Query made to DB:
create table `tabKanban Board` (
			name varchar(140) primary key,
			creation datetime(6),
			modified datetime(6),
			modified_by varchar(140),
			owner varchar(140),
			docstatus tinyint not null default '0',
			idx int not null default '0',
			`kanban_board_name` varchar(140) UNIQUE,
`reference_doctype` varchar(140),
`field_name` varchar(140),
`private` tinyint(4) NOT NULL DEFAULT 0,
`show_labels` tinyint(4) NOT NULL DEFAULT 0,
`filters` longtext,
`fields` longtext,
`_user_tags` text,
`_comments` text,
`_assign` text,
`_liked_by` text,
index creation(creation))
			ENGINE=InnoDB
			ROW_FORMAT=DYNAMIC
			CHARACTER SET=utf8mb4
			COLLATE=utf8mb4_unicode_ci
2025-12-09 15:56:59,195 WARNING database DDL Query made to DB:
create table `tabConsole Log` (
			name varchar(140) primary key,
			creation datetime(6),
			modified datetime(6),
			modified_by varchar(140),
			owner varchar(140),
			docstatus tinyint not null default '0',
			idx int not null default '0',
			`script` longtext,
`type` varchar(140),
`committed` tinyint(4) NOT NULL DEFAULT 0,
`_user_tags` text,
`_comments` text,
`_assign` text,
`_liked_by` text,
index creation(creation))
			ENGINE=InnoDB
			ROW_FORMAT=DYNAMIC
			CHARACTER SET=utf8mb4
			COLLATE=utf8mb4_unicode_ci
2025-12-09 15:56:59,278 WARNING database DDL Query made to DB:
create table `tabEvent Participants` (
			name varchar(140) primary key,
			creation datetime(6),
			modified datetime(6),
			modified_by varchar(140),
			owner varchar(140),
			docstatus tinyint not null default '0',
			idx int not null default '0',
			`reference_doctype` varchar(140),
`reference_docname` varchar(140),
`email` varchar(140),
parent varchar(140),
parentfield varchar(140),
parenttype varchar(140),
index parent(parent))
			ENGINE=InnoDB
			ROW_FORMAT=DYNAMIC
			CHARACTER SET=utf8mb4
			COLLATE=utf8mb4_unicode_ci
2025-12-09 15:56:59,333 WARNING database DDL Query made to DB:
create table `tabNote Seen By` (
			name varchar(140) primary key,
			creation datetime(6),
			modified datetime(6),
			modified_by varchar(140),
			owner varchar(140),
			docstatus tinyint not null default '0',
			idx int not null default '0',
			`user` varchar(140),
parent varchar(140),
parentfield varchar(140),
parenttype varchar(140),
index parent(parent))
			ENGINE=InnoDB
			ROW_FORMAT=DYNAMIC
			CHARACTER SET=utf8mb4
			COLLATE=utf8mb4_unicode_ci
2025-12-09 15:56:59,393 WARNING database DDL Query made to DB:
create table `tabList View Settings` (
			name varchar(140) primary key,
			creation datetime(6),
			modified datetime(6),
			modified_by varchar(140),
			owner varchar(140),
			docstatus tinyint not null default '0',
			idx int not null default '0',
			`disable_count` tinyint(4) NOT NULL DEFAULT 0,
`disable_auto_refresh` tinyint(4) NOT NULL DEFAULT 0,
`disable_sidebar_stats` tinyint(4) NOT NULL DEFAULT 0,
`disable_automatic_recency_filters` tinyint(4) NOT NULL DEFAULT 0,
`disable_comment_count` tinyint(4) NOT NULL DEFAULT 0,
`disable_scrolling` tinyint(4) NOT NULL DEFAULT 0,
`allow_edit` tinyint(4) NOT NULL DEFAULT 0,
`fields` longtext,
`_user_tags` text,
`_comments` text,
`_assign` text,
`_liked_by` text,
index creation(creation))
			ENGINE=InnoDB
			ROW_FORMAT=DYNAMIC
			CHARACTER SET=utf8mb4
			COLLATE=utf8mb4_unicode_ci
2025-12-09 15:56:59,490 WARNING database DDL Query made to DB:
create table `tabList Filter` (
			name varchar(140) primary key,
			creation datetime(6),
			modified datetime(6),
			modified_by varchar(140),
			owner varchar(140),
			docstatus tinyint not null default '0',
			idx int not null default '0',
			`filter_name` varchar(140),
`reference_doctype` varchar(140),
`for_user` varchar(140),
`filters` longtext,
`_user_tags` text,
`_comments` text,
`_assign` text,
`_liked_by` text,
index creation(creation))
			ENGINE=InnoDB
			ROW_FORMAT=DYNAMIC
			CHARACTER SET=utf8mb4
			COLLATE=utf8mb4_unicode_ci
2025-12-09 15:56:59,541 WARNING database DDL Query made to DB:
create table `tabRoute History` (
			name varchar(140) primary key,
			creation datetime(6),
			modified datetime(6),
			modified_by varchar(140),
			owner varchar(140),
			docstatus tinyint not null default '0',
			idx int not null default '0',
			`route` varchar(140),
`user` varchar(140),
`_user_tags` text,
`_comments` text,
`_assign` text,
`_liked_by` text,
index creation(creation))
			ENGINE=InnoDB
			ROW_FORMAT=DYNAMIC
			CHARACTER SET=utf8mb4
			COLLATE=utf8mb4_unicode_ci
2025-12-09 15:56:59,631 WARNING database DDL Query made to DB:
create table `tabDashboard Settings` (
			name varchar(140) primary key,
			creation datetime(6),
			modified datetime(6),
			modified_by varchar(140),
			owner varchar(140),
			docstatus tinyint not null default '0',
			idx int not null default '0',
			`user` varchar(140),
`chart_config` longtext,
`_user_tags` text,
`_comments` text,
`_assign` text,
`_liked_by` text,
index creation(creation))
			ENGINE=InnoDB
			ROW_FORMAT=DYNAMIC
			CHARACTER SET=utf8mb4
			COLLATE=utf8mb4_unicode_ci
2025-12-09 15:56:59,712 WARNING database DDL Query made to DB:
create table `tabEvent` (
			name varchar(140) primary key,
			creation datetime(6),
			modified datetime(6),
			modified_by varchar(140),
			owner varchar(140),
			docstatus tinyint not null default '0',
			idx int not null default '0',
			`subject` text,
`event_category` varchar(140),
`event_type` varchar(140),
`color` varchar(140),
`send_reminder` tinyint(4) NOT NULL DEFAULT 1,
`repeat_this_event` tinyint(4) NOT NULL DEFAULT 0,
`starts_on` datetime(6),
`ends_on` datetime(6),
`status` varchar(140) DEFAULT 'Open',
`sender` varchar(140),
`all_day` tinyint(4) NOT NULL DEFAULT 0,
`sync_with_google_calendar` tinyint(4) NOT NULL DEFAULT 0,
`add_video_conferencing` tinyint(4) NOT NULL DEFAULT 0,
`google_calendar` varchar(140),
`google_calendar_id` varchar(140),
`google_calendar_event_id` varchar(320),
`google_meet_link` text,
`pulled_from_google_calendar` tinyint(4) NOT NULL DEFAULT 0,
`repeat_on` varchar(140),
`repeat_till` date,
`monday` tinyint(4) NOT NULL DEFAULT 0,
`tuesday` tinyint(4) NOT NULL DEFAULT 0,
`wednesday` tinyint(4) NOT NULL DEFAULT 0,
`thursday` tinyint(4) NOT NULL DEFAULT 0,
`friday` tinyint(4) NOT NULL DEFAULT 0,
`saturday` tinyint(4) NOT NULL DEFAULT 0,
`sunday` tinyint(4) NOT NULL DEFAULT 0,
`description` longtext,
`reference_doctype` varchar(140),
`reference_docname` varchar(140),
`_user_tags` text,
`_comments` text,
`_assign` text,
`_liked_by` text,
`_seen` text,
index `event_type`(`event_type`),
index creation(creation))
			ENGINE=InnoDB
			ROW_FORMAT=DYNAMIC
			CHARACTER SET=utf8mb4
			COLLATE=utf8mb4_unicode_ci
2025-12-09 15:56:59,762 WARNING database DDL Query made to DB:
create table `tabChangelog Feed` (
			name varchar(140) primary key,
			creation datetime(6),
			modified datetime(6),
			modified_by varchar(140),
			owner varchar(140),
			docstatus tinyint not null default '0',
			idx int not null default '0',
			`title` varchar(140),
`app_name` varchar(140),
`link` longtext,
`posting_timestamp` datetime(6),
`_user_tags` text,
`_comments` text,
`_assign` text,
`_liked_by` text,
index `posting_timestamp`(`posting_timestamp`),
index creation(creation))
			ENGINE=InnoDB
			ROW_FORMAT=DYNAMIC
			CHARACTER SET=utf8mb4
			COLLATE=utf8mb4_unicode_ci
2025-12-09 15:56:59,876 WARNING database DDL Query made to DB:
create table `tabGlobal Search DocType` (
			name varchar(140) primary key,
			creation datetime(6),
			modified datetime(6),
			modified_by varchar(140),
			owner varchar(140),
			docstatus tinyint not null default '0',
			idx int not null default '0',
			`document_type` varchar(140),
parent varchar(140),
parentfield varchar(140),
parenttype varchar(140),
index parent(parent))
			ENGINE=InnoDB
			ROW_FORMAT=DYNAMIC
			CHARACTER SET=utf8mb4
			COLLATE=utf8mb4_unicode_ci
2025-12-09 15:57:00,241 WARNING database DDL Query made to DB:
create table `tabSocial Login Key` (
			name varchar(140) primary key,
			creation datetime(6),
			modified datetime(6),
			modified_by varchar(140),
			owner varchar(140),
			docstatus tinyint not null default '0',
			idx int not null default '0',
			`enable_social_login` tinyint(4) NOT NULL DEFAULT 0,
`social_login_provider` varchar(140) DEFAULT 'Custom',
`client_id` varchar(140),
`provider_name` varchar(140),
`client_secret` text,
`icon` varchar(140),
`base_url` varchar(140),
`sign_ups` varchar(140),
`show_in_resource_metadata` tinyint(4) NOT NULL DEFAULT 1,
`authorize_url` varchar(140),
`access_token_url` varchar(140),
`redirect_url` varchar(140),
`api_endpoint` varchar(140),
`custom_base_url` tinyint(4) NOT NULL DEFAULT 0,
`api_endpoint_args` longtext,
`auth_url_data` longtext,
`user_id_property` varchar(140),
`_user_tags` text,
`_comments` text,
`_assign` text,
`_liked_by` text,
index creation(creation))
			ENGINE=InnoDB
			ROW_FORMAT=DYNAMIC
			CHARACTER SET=utf8mb4
			COLLATE=utf8mb4_unicode_ci
2025-12-09 15:57:00,328 WARNING database DDL Query made to DB:
create table `tabGoogle Calendar` (
			name varchar(140) primary key,
			creation datetime(6),
			modified datetime(6),
			modified_by varchar(140),
			owner varchar(140),
			docstatus tinyint not null default '0',
			idx int not null default '0',
			`enable` tinyint(4) NOT NULL DEFAULT 1,
`calendar_name` varchar(140) UNIQUE,
`user` varchar(140),
`pull_from_google_calendar` tinyint(4) NOT NULL DEFAULT 1,
`sync_as_public` tinyint(4) NOT NULL DEFAULT 0,
`push_to_google_calendar` tinyint(4) NOT NULL DEFAULT 1,
`google_calendar_id` varchar(140),
`refresh_token` text,
`authorization_code` text,
`next_sync_token` text,
`_user_tags` text,
`_comments` text,
`_assign` text,
`_liked_by` text,
index creation(creation))
			ENGINE=InnoDB
			ROW_FORMAT=DYNAMIC
			CHARACTER SET=utf8mb4
			COLLATE=utf8mb4_unicode_ci
2025-12-09 15:57:00,449 WARNING database DDL Query made to DB:
create table `tabOAuth Scope` (
			name varchar(140) primary key,
			creation datetime(6),
			modified datetime(6),
			modified_by varchar(140),
			owner varchar(140),
			docstatus tinyint not null default '0',
			idx int not null default '0',
			`scope` varchar(140),
parent varchar(140),
parentfield varchar(140),
parenttype varchar(140),
index parent(parent))
			ENGINE=InnoDB
			ROW_FORMAT=DYNAMIC
			CHARACTER SET=utf8mb4
			COLLATE=utf8mb4_unicode_ci
2025-12-09 15:57:00,542 WARNING database DDL Query made to DB:
create table `tabQuery Parameters` (
			name varchar(140) primary key,
			creation datetime(6),
			modified datetime(6),
			modified_by varchar(140),
			owner varchar(140),
			docstatus tinyint not null default '0',
			idx int not null default '0',
			`key` varchar(140),
`value` varchar(140),
parent varchar(140),
parentfield varchar(140),
parenttype varchar(140),
index parent(parent))
			ENGINE=InnoDB
			ROW_FORMAT=DYNAMIC
			CHARACTER SET=utf8mb4
			COLLATE=utf8mb4_unicode_ci
2025-12-09 15:57:00,757 WARNING database DDL Query made to DB:
create table `tabOAuth Authorization Code` (
			name varchar(140) primary key,
			creation datetime(6),
			modified datetime(6),
			modified_by varchar(140),
			owner varchar(140),
			docstatus tinyint not null default '0',
			idx int not null default '0',
			`client` varchar(140),
`user` varchar(140),
`scopes` text,
`authorization_code` varchar(140) UNIQUE,
`expiration_time` datetime(6),
`redirect_uri_bound_to_authorization_code` varchar(140),
`validity` varchar(140),
`nonce` varchar(140),
`code_challenge` varchar(140),
`code_challenge_method` varchar(140),
`_user_tags` text,
`_comments` text,
`_assign` text,
`_liked_by` text,
index creation(creation))
			ENGINE=InnoDB
			ROW_FORMAT=DYNAMIC
			CHARACTER SET=utf8mb4
			COLLATE=utf8mb4_unicode_ci
2025-12-09 15:57:00,822 WARNING database DDL Query made to DB:
create table `tabConnected App` (
			name varchar(140) primary key,
			creation datetime(6),
			modified datetime(6),
			modified_by varchar(140),
			owner varchar(140),
			docstatus tinyint not null default '0',
			idx int not null default '0',
			`provider_name` varchar(140),
`openid_configuration` varchar(140),
`client_id` varchar(140),
`redirect_uri` varchar(140),
`client_secret` text,
`authorization_uri` text,
`token_uri` varchar(140),
`revocation_uri` varchar(140),
`userinfo_uri` varchar(140),
`introspection_uri` varchar(140),
`_user_tags` text,
`_comments` text,
`_assign` text,
`_liked_by` text,
index creation(creation))
			ENGINE=InnoDB
			ROW_FORMAT=DYNAMIC
			CHARACTER SET=utf8mb4
			COLLATE=utf8mb4_unicode_ci
2025-12-09 15:57:00,876 WARNING database DDL Query made to DB:
create table `tabWebhook Header` (
			name varchar(140) primary key,
			creation datetime(6),
			modified datetime(6),
			modified_by varchar(140),
			owner varchar(140),
			docstatus tinyint not null default '0',
			idx int not null default '0',
			`key` text,
`value` text,
parent varchar(140),
parentfield varchar(140),
parenttype varchar(140),
index parent(parent))
			ENGINE=InnoDB
			ROW_FORMAT=DYNAMIC
			CHARACTER SET=utf8mb4
			COLLATE=utf8mb4_unicode_ci
2025-12-09 15:57:00,947 WARNING database DDL Query made to DB:
create table `tabToken Cache` (
			name varchar(140) primary key,
			creation datetime(6),
			modified datetime(6),
			modified_by varchar(140),
			owner varchar(140),
			docstatus tinyint not null default '0',
			idx int not null default '0',
			`user` varchar(140),
`connected_app` varchar(140),
`provider_name` varchar(140),
`access_token` text,
`refresh_token` text,
`expires_in` int(11) NOT NULL DEFAULT 0,
`state` varchar(140),
`success_uri` varchar(140),
`token_type` varchar(140),
`_user_tags` text,
`_comments` text,
`_assign` text,
`_liked_by` text,
index creation(creation))
			ENGINE=InnoDB
			ROW_FORMAT=DYNAMIC
			CHARACTER SET=utf8mb4
			COLLATE=utf8mb4_unicode_ci
2025-12-09 15:57:01,012 WARNING database DDL Query made to DB:
create table `tabLDAP Group Mapping` (
			name varchar(140) primary key,
			creation datetime(6),
			modified datetime(6),
			modified_by varchar(140),
			owner varchar(140),
			docstatus tinyint not null default '0',
			idx int not null default '0',
			`ldap_group` varchar(140),
`erpnext_role` varchar(140),
parent varchar(140),
parentfield varchar(140),
parenttype varchar(140),
index parent(parent))
			ENGINE=InnoDB
			ROW_FORMAT=DYNAMIC
			CHARACTER SET=utf8mb4
			COLLATE=utf8mb4_unicode_ci
2025-12-09 15:57:01,076 WARNING database DDL Query made to DB:
create table `tabWebhook` (
			name varchar(140) primary key,
			creation datetime(6),
			modified datetime(6),
			modified_by varchar(140),
			owner varchar(140),
			docstatus tinyint not null default '0',
			idx int not null default '0',
			`webhook_doctype` varchar(140),
`webhook_docevent` varchar(140),
`enabled` tinyint(4) NOT NULL DEFAULT 1,
`condition` text,
`request_url` text,
`is_dynamic_url` tinyint(4) NOT NULL DEFAULT 0,
`timeout` int(11) NOT NULL DEFAULT 5,
`background_jobs_queue` varchar(140),
`request_method` varchar(140) DEFAULT 'POST',
`request_structure` varchar(140),
`enable_security` tinyint(4) NOT NULL DEFAULT 0,
`webhook_secret` text,
`webhook_json` longtext,
`_user_tags` text,
`_comments` text,
`_assign` text,
`_liked_by` text,
index creation(creation))
			ENGINE=InnoDB
			ROW_FORMAT=DYNAMIC
			CHARACTER SET=utf8mb4
			COLLATE=utf8mb4_unicode_ci
2025-12-09 15:57:01,147 WARNING database DDL Query made to DB:
create table `tabWebhook Request Log` (
			name varchar(140) primary key,
			creation datetime(6),
			modified datetime(6),
			modified_by varchar(140),
			owner varchar(140),
			docstatus tinyint not null default '0',
			idx int not null default '0',
			`webhook` varchar(140),
`reference_doctype` varchar(140),
`reference_document` varchar(140),
`headers` longtext,
`data` longtext,
`user` varchar(140),
`url` text,
`response` longtext,
`error` text,
`_user_tags` text,
`_comments` text,
`_assign` text,
`_liked_by` text,
index `webhook`(`webhook`),
index creation(creation))
			ENGINE=InnoDB
			ROW_FORMAT=COMPRESSED
			CHARACTER SET=utf8mb4
			COLLATE=utf8mb4_unicode_ci
2025-12-09 15:57:01,204 WARNING database DDL Query made to DB:
create table `tabOAuth Bearer Token` (
			name varchar(140) primary key,
			creation datetime(6),
			modified datetime(6),
			modified_by varchar(140),
			owner varchar(140),
			docstatus tinyint not null default '0',
			idx int not null default '0',
			`client` varchar(140),
`user` varchar(140) NOT NULL DEFAULT '',
`scopes` text,
`access_token` varchar(140) UNIQUE,
`refresh_token` varchar(140),
`expiration_time` datetime(6),
`expires_in` int(11) NOT NULL DEFAULT 0,
`status` varchar(140),
`_user_tags` text,
`_comments` text,
`_assign` text,
`_liked_by` text,
index `user`(`user`),
index `expiration_time`(`expiration_time`),
index creation(creation))
			ENGINE=InnoDB
			ROW_FORMAT=DYNAMIC
			CHARACTER SET=utf8mb4
			COLLATE=utf8mb4_unicode_ci
2025-12-09 15:57:01,275 WARNING database DDL Query made to DB:
create table `tabOAuth Client` (
			name varchar(140) primary key,
			creation datetime(6),
			modified datetime(6),
			modified_by varchar(140),
			owner varchar(140),
			docstatus tinyint not null default '0',
			idx int not null default '0',
			`client_id` varchar(140),
`user` varchar(140),
`client_secret` varchar(140),
`default_redirect_uri` varchar(140),
`skip_authorization` tinyint(4) NOT NULL DEFAULT 0,
`app_name` varchar(140),
`scopes` text DEFAULT 'all openid',
`redirect_uris` text,
`client_uri` varchar(140),
`software_id` varchar(140),
`tos_uri` varchar(140),
`contacts` text,
`logo_uri` varchar(140),
`software_version` varchar(140),
`policy_uri` varchar(140),
`grant_type` varchar(140),
`token_endpoint_auth_method` varchar(140) DEFAULT 'Client Secret Basic',
`response_type` varchar(140) DEFAULT 'Code',
`_user_tags` text,
`_comments` text,
`_assign` text,
`_liked_by` text,
index creation(creation))
			ENGINE=InnoDB
			ROW_FORMAT=DYNAMIC
			CHARACTER SET=utf8mb4
			COLLATE=utf8mb4_unicode_ci
2025-12-09 15:57:01,338 WARNING database DDL Query made to DB:
create table `tabIntegration Request` (
			name varchar(140) primary key,
			creation datetime(6),
			modified datetime(6),
			modified_by varchar(140),
			owner varchar(140),
			docstatus tinyint not null default '0',
			idx int not null default '0',
			`request_id` varchar(140),
`integration_request_service` varchar(140),
`is_remote_request` tinyint(4) NOT NULL DEFAULT 0,
`request_description` varchar(140),
`status` varchar(140) DEFAULT 'Queued',
`url` text,
`request_headers` longtext,
`data` longtext,
`output` longtext,
`error` longtext,
`reference_doctype` varchar(140),
`reference_docname` varchar(140),
`_user_tags` text,
`_comments` text,
`_assign` text,
`_liked_by` text,
index creation(creation))
			ENGINE=InnoDB
			ROW_FORMAT=DYNAMIC
			CHARACTER SET=utf8mb4
			COLLATE=utf8mb4_unicode_ci
2025-12-09 15:57:01,386 WARNING database DDL Query made to DB:
create table `tabSlack Webhook URL` (
			name varchar(140) primary key,
			creation datetime(6),
			modified datetime(6),
			modified_by varchar(140),
			owner varchar(140),
			docstatus tinyint not null default '0',
			idx int not null default '0',
			`webhook_name` varchar(140) UNIQUE,
`webhook_url` varchar(140),
`show_document_link` tinyint(4) NOT NULL DEFAULT 1,
`_user_tags` text,
`_comments` text,
`_assign` text,
`_liked_by` text,
index creation(creation))
			ENGINE=InnoDB
			ROW_FORMAT=DYNAMIC
			CHARACTER SET=utf8mb4
			COLLATE=utf8mb4_unicode_ci
2025-12-09 15:57:01,446 WARNING database DDL Query made to DB:
create table `tabGoogle Contacts` (
			name varchar(140) primary key,
			creation datetime(6),
			modified datetime(6),
			modified_by varchar(140),
			owner varchar(140),
			docstatus tinyint not null default '0',
			idx int not null default '0',
			`enable` tinyint(4) NOT NULL DEFAULT 0,
`email_id` varchar(140),
`last_sync_on` datetime(6),
`authorization_code` text,
`refresh_token` text,
`next_sync_token` text,
`pull_from_google_contacts` tinyint(4) NOT NULL DEFAULT 0,
`push_to_google_contacts` tinyint(4) NOT NULL DEFAULT 0,
`_user_tags` text,
`_comments` text,
`_assign` text,
`_liked_by` text,
index creation(creation))
			ENGINE=InnoDB
			ROW_FORMAT=DYNAMIC
			CHARACTER SET=utf8mb4
			COLLATE=utf8mb4_unicode_ci
2025-12-09 15:57:01,545 WARNING database DDL Query made to DB:
create table `tabWebhook Data` (
			name varchar(140) primary key,
			creation datetime(6),
			modified datetime(6),
			modified_by varchar(140),
			owner varchar(140),
			docstatus tinyint not null default '0',
			idx int not null default '0',
			`fieldname` varchar(140),
`key` varchar(140),
parent varchar(140),
parentfield varchar(140),
parenttype varchar(140),
index parent(parent))
			ENGINE=InnoDB
			ROW_FORMAT=DYNAMIC
			CHARACTER SET=utf8mb4
			COLLATE=utf8mb4_unicode_ci
2025-12-09 15:57:01,642 WARNING database DDL Query made to DB:
create table `tabOAuth Client Role` (
			name varchar(140) primary key,
			creation datetime(6),
			modified datetime(6),
			modified_by varchar(140),
			owner varchar(140),
			docstatus tinyint not null default '0',
			idx int not null default '0',
			`role` varchar(140),
parent varchar(140),
parentfield varchar(140),
parenttype varchar(140),
index parent(parent))
			ENGINE=InnoDB
			ROW_FORMAT=DYNAMIC
			CHARACTER SET=utf8mb4
			COLLATE=utf8mb4_unicode_ci
2025-12-09 15:57:01,772 WARNING database DDL Query made to DB:
create table `tabNetwork Printer Settings` (
			name varchar(140) primary key,
			creation datetime(6),
			modified datetime(6),
			modified_by varchar(140),
			owner varchar(140),
			docstatus tinyint not null default '0',
			idx int not null default '0',
			`server_ip` varchar(140) DEFAULT 'localhost',
`port` int(11) NOT NULL DEFAULT 631,
`printer_name` varchar(140),
`_user_tags` text,
`_comments` text,
`_assign` text,
`_liked_by` text,
index creation(creation))
			ENGINE=InnoDB
			ROW_FORMAT=DYNAMIC
			CHARACTER SET=utf8mb4
			COLLATE=utf8mb4_unicode_ci
2025-12-09 15:57:01,923 WARNING database DDL Query made to DB:
create table `tabPrint Heading` (
			name varchar(140) primary key,
			creation datetime(6),
			modified datetime(6),
			modified_by varchar(140),
			owner varchar(140),
			docstatus tinyint not null default '0',
			idx int not null default '0',
			`print_heading` varchar(140) UNIQUE,
`description` text,
`_user_tags` text,
`_comments` text,
`_assign` text,
`_liked_by` text,
index creation(creation))
			ENGINE=InnoDB
			ROW_FORMAT=DYNAMIC
			CHARACTER SET=utf8mb4
			COLLATE=utf8mb4_unicode_ci
2025-12-09 15:57:01,992 WARNING database DDL Query made to DB:
create table `tabLetter Head` (
			name varchar(140) primary key,
			creation datetime(6),
			modified datetime(6),
			modified_by varchar(140),
			owner varchar(140),
			docstatus tinyint not null default '0',
			idx int not null default '0',
			`letter_head_name` varchar(140) UNIQUE,
`source` varchar(140),
`footer_source` varchar(140) DEFAULT 'HTML',
`disabled` tinyint(4) NOT NULL DEFAULT 0,
`is_default` tinyint(4) NOT NULL DEFAULT 0,
`image` text,
`image_height` decimal(21,9) NOT NULL DEFAULT 0.0,
`image_width` decimal(21,9) NOT NULL DEFAULT 0.0,
`align` varchar(140) DEFAULT 'Left',
`content` longtext,
`footer` longtext,
`footer_image` text,
`footer_image_height` decimal(21,9) NOT NULL DEFAULT 0.0,
`footer_image_width` decimal(21,9) NOT NULL DEFAULT 0.0,
`footer_align` varchar(140),
`header_script` longtext,
`footer_script` longtext,
`_user_tags` text,
`_comments` text,
`_assign` text,
`_liked_by` text,
index `is_default`(`is_default`),
index creation(creation))
			ENGINE=InnoDB
			ROW_FORMAT=DYNAMIC
			CHARACTER SET=utf8mb4
			COLLATE=utf8mb4_unicode_ci
2025-12-09 15:57:02,120 WARNING database DDL Query made to DB:
create table `tabPrint Format Field Template` (
			name varchar(140) primary key,
			creation datetime(6),
			modified datetime(6),
			modified_by varchar(140),
			owner varchar(140),
			docstatus tinyint not null default '0',
			idx int not null default '0',
			`document_type` varchar(140),
`field` varchar(140),
`template_file` varchar(140),
`module` varchar(140),
`standard` tinyint(4) NOT NULL DEFAULT 0,
`template` longtext,
`_user_tags` text,
`_comments` text,
`_assign` text,
`_liked_by` text,
index creation(creation))
			ENGINE=InnoDB
			ROW_FORMAT=DYNAMIC
			CHARACTER SET=utf8mb4
			COLLATE=utf8mb4_unicode_ci
2025-12-09 15:57:02,293 WARNING database DDL Query made to DB:
create table `tabContact Phone` (
			name varchar(140) primary key,
			creation datetime(6),
			modified datetime(6),
			modified_by varchar(140),
			owner varchar(140),
			docstatus tinyint not null default '0',
			idx int not null default '0',
			`phone` varchar(140),
`is_primary_phone` tinyint(4) NOT NULL DEFAULT 0,
`is_primary_mobile_no` tinyint(4) NOT NULL DEFAULT 0,
parent varchar(140),
parentfield varchar(140),
parenttype varchar(140),
index parent(parent))
			ENGINE=InnoDB
			ROW_FORMAT=DYNAMIC
			CHARACTER SET=utf8mb4
			COLLATE=utf8mb4_unicode_ci
2025-12-09 15:57:02,445 WARNING database DDL Query made to DB:
create table `tabSalutation` (
			name varchar(140) primary key,
			creation datetime(6),
			modified datetime(6),
			modified_by varchar(140),
			owner varchar(140),
			docstatus tinyint not null default '0',
			idx int not null default '0',
			`salutation` varchar(140) UNIQUE,
`_user_tags` text,
`_comments` text,
`_assign` text,
`_liked_by` text,
index creation(creation))
			ENGINE=InnoDB
			ROW_FORMAT=DYNAMIC
			CHARACTER SET=utf8mb4
			COLLATE=utf8mb4_unicode_ci
2025-12-09 15:57:02,510 WARNING database DDL Query made to DB:
create table `tabAddress Template` (
			name varchar(140) primary key,
			creation datetime(6),
			modified datetime(6),
			modified_by varchar(140),
			owner varchar(140),
			docstatus tinyint not null default '0',
			idx int not null default '0',
			`country` varchar(140) UNIQUE,
`is_default` tinyint(4) NOT NULL DEFAULT 0,
`template` longtext,
`_user_tags` text,
`_comments` text,
`_assign` text,
`_liked_by` text,
index creation(creation))
			ENGINE=InnoDB
			ROW_FORMAT=DYNAMIC
			CHARACTER SET=utf8mb4
			COLLATE=utf8mb4_unicode_ci
2025-12-09 15:57:02,630 WARNING database DDL Query made to DB:
create table `tabContact` (
			name varchar(140) primary key,
			creation datetime(6),
			modified datetime(6),
			modified_by varchar(140),
			owner varchar(140),
			docstatus tinyint not null default '0',
			idx int not null default '0',
			`first_name` varchar(140),
`middle_name` varchar(140),
`last_name` varchar(140),
`full_name` varchar(140),
`email_id` varchar(140),
`user` varchar(140),
`address` varchar(140),
`sync_with_google_contacts` tinyint(4) NOT NULL DEFAULT 0,
`status` varchar(140) DEFAULT 'Passive',
`salutation` varchar(140),
`designation` varchar(140),
`gender` varchar(140),
`phone` varchar(140),
`mobile_no` varchar(140),
`company_name` varchar(140),
`image` text,
`google_contacts` varchar(140),
`google_contacts_id` varchar(140),
`pulled_from_google_contacts` tinyint(4) NOT NULL DEFAULT 0,
`is_primary_contact` tinyint(4) NOT NULL DEFAULT 0,
`department` varchar(140),
`unsubscribed` tinyint(4) NOT NULL DEFAULT 0,
`_user_tags` text,
`_comments` text,
`_assign` text,
`_liked_by` text,
index `email_id`(`email_id`),
index creation(creation))
			ENGINE=InnoDB
			ROW_FORMAT=DYNAMIC
			CHARACTER SET=utf8mb4
			COLLATE=utf8mb4_unicode_ci
2025-12-09 15:57:02,726 WARNING database DDL Query made to DB:
create table `tabGender` (
			name varchar(140) primary key,
			creation datetime(6),
			modified datetime(6),
			modified_by varchar(140),
			owner varchar(140),
			docstatus tinyint not null default '0',
			idx int not null default '0',
			`gender` varchar(140) UNIQUE,
`_user_tags` text,
`_comments` text,
`_assign` text,
`_liked_by` text,
index creation(creation))
			ENGINE=InnoDB
			ROW_FORMAT=DYNAMIC
			CHARACTER SET=utf8mb4
			COLLATE=utf8mb4_unicode_ci
2025-12-09 15:57:02,803 WARNING database DDL Query made to DB:
create table `tabAddress` (
			name varchar(140) primary key,
			creation datetime(6),
			modified datetime(6),
			modified_by varchar(140),
			owner varchar(140),
			docstatus tinyint not null default '0',
			idx int not null default '0',
			`address_title` varchar(140),
`address_type` varchar(140),
`address_line1` varchar(240),
`address_line2` varchar(240),
`city` varchar(140),
`county` varchar(140),
`state` varchar(140),
`country` varchar(140),
`pincode` varchar(140),
`email_id` varchar(140),
`phone` varchar(140),
`fax` varchar(140),
`is_primary_address` tinyint(4) NOT NULL DEFAULT 0,
`is_shipping_address` tinyint(4) NOT NULL DEFAULT 0,
`disabled` tinyint(4) NOT NULL DEFAULT 0,
`_user_tags` text,
`_comments` text,
`_assign` text,
`_liked_by` text,
index `city`(`city`),
index `country`(`country`),
index `pincode`(`pincode`),
index creation(creation))
			ENGINE=InnoDB
			ROW_FORMAT=DYNAMIC
			CHARACTER SET=utf8mb4
			COLLATE=utf8mb4_unicode_ci
2025-12-09 15:57:02,857 WARNING database DDL Query made to DB:
create table `tabContact Email` (
			name varchar(140) primary key,
			creation datetime(6),
			modified datetime(6),
			modified_by varchar(140),
			owner varchar(140),
			docstatus tinyint not null default '0',
			idx int not null default '0',
			`email_id` varchar(140),
`is_primary` tinyint(4) NOT NULL DEFAULT 0,
parent varchar(140),
parentfield varchar(140),
parenttype varchar(140),
index parent(parent))
			ENGINE=InnoDB
			ROW_FORMAT=DYNAMIC
			CHARACTER SET=utf8mb4
			COLLATE=utf8mb4_unicode_ci
2025-12-09 15:57:02,946 WARNING database DDL Query made to DB:
create table `tabAuto Repeat Day` (
			name varchar(140) primary key,
			creation datetime(6),
			modified datetime(6),
			modified_by varchar(140),
			owner varchar(140),
			docstatus tinyint not null default '0',
			idx int not null default '0',
			`day` varchar(140),
parent varchar(140),
parentfield varchar(140),
parenttype varchar(140),
index parent(parent))
			ENGINE=InnoDB
			ROW_FORMAT=DYNAMIC
			CHARACTER SET=utf8mb4
			COLLATE=utf8mb4_unicode_ci
2025-12-09 15:57:03,120 WARNING database DDL Query made to DB:
create table `tabReminder` (
			name varchar(140) primary key,
			creation datetime(6),
			modified datetime(6),
			modified_by varchar(140),
			owner varchar(140),
			docstatus tinyint not null default '0',
			idx int not null default '0',
			`user` varchar(140),
`remind_at` datetime(6),
`description` text,
`reminder_doctype` varchar(140),
`reminder_docname` varchar(140),
`notified` tinyint(4) NOT NULL DEFAULT 0,
`_user_tags` text,
`_comments` text,
`_assign` text,
`_liked_by` text,
index `user`(`user`),
index `remind_at`(`remind_at`),
index creation(creation))
			ENGINE=InnoDB
			ROW_FORMAT=DYNAMIC
			CHARACTER SET=utf8mb4
			COLLATE=utf8mb4_unicode_ci
2025-12-09 15:57:03,216 WARNING database DDL Query made to DB:
create table `tabAuto Repeat` (
			name varchar(140) primary key,
			creation datetime(6),
			modified datetime(6),
			modified_by varchar(140),
			owner varchar(140),
			docstatus tinyint not null default '0',
			idx int not null default '0',
			`reference_doctype` varchar(140),
`reference_document` varchar(140),
`submit_on_creation` tinyint(4) NOT NULL DEFAULT 0,
`start_date` date,
`end_date` date,
`disabled` tinyint(4) NOT NULL DEFAULT 0,
`frequency` varchar(140),
`repeat_on_day` int(11) NOT NULL DEFAULT 0,
`repeat_on_last_day` tinyint(4) NOT NULL DEFAULT 0,
`next_schedule_date` date,
`generate_separate_documents_for_each_assignee` tinyint(4) NOT NULL DEFAULT 0,
`notify_by_email` tinyint(4) NOT NULL DEFAULT 0,
`recipients` text,
`template` varchar(140),
`subject` varchar(140),
`message` text DEFAULT 'Please find attached {{ doc.doctype }} #{{ doc.name }}',
`print_format` varchar(140),
`status` varchar(140),
`_user_tags` text,
`_comments` text,
`_assign` text,
`_liked_by` text,
index `next_schedule_date`(`next_schedule_date`),
index creation(creation))
			ENGINE=InnoDB
			ROW_FORMAT=DYNAMIC
			CHARACTER SET=utf8mb4
			COLLATE=utf8mb4_unicode_ci
2025-12-09 15:57:03,278 WARNING database DDL Query made to DB:
create table `tabMilestone` (
			name varchar(140) primary key,
			creation datetime(6),
			modified datetime(6),
			modified_by varchar(140),
			owner varchar(140),
			docstatus tinyint not null default '0',
			idx int not null default '0',
			`reference_type` varchar(140),
`reference_name` varchar(140),
`track_field` varchar(140),
`value` varchar(140),
`milestone_tracker` varchar(140),
`_user_tags` text,
`_comments` text,
`_assign` text,
`_liked_by` text,
index `reference_type`(`reference_type`),
index creation(creation))
			ENGINE=InnoDB
			ROW_FORMAT=DYNAMIC
			CHARACTER SET=utf8mb4
			COLLATE=utf8mb4_unicode_ci
2025-12-09 15:57:03,307 WARNING database DDL Query made to DB:
ALTER TABLE `tabMilestone`
				ADD INDEX IF NOT EXISTS `reference_type_reference_name_index`(reference_type, reference_name)
2025-12-09 15:57:03,341 WARNING database DDL Query made to DB:
create table `tabAssignment Rule Day` (
			name varchar(140) primary key,
			creation datetime(6),
			modified datetime(6),
			modified_by varchar(140),
			owner varchar(140),
			docstatus tinyint not null default '0',
			idx int not null default '0',
			`day` varchar(140),
parent varchar(140),
parentfield varchar(140),
parenttype varchar(140),
index parent(parent))
			ENGINE=InnoDB
			ROW_FORMAT=DYNAMIC
			CHARACTER SET=utf8mb4
			COLLATE=utf8mb4_unicode_ci
2025-12-09 15:57:03,399 WARNING database DDL Query made to DB:
create table `tabMilestone Tracker` (
			name varchar(140) primary key,
			creation datetime(6),
			modified datetime(6),
			modified_by varchar(140),
			owner varchar(140),
			docstatus tinyint not null default '0',
			idx int not null default '0',
			`document_type` varchar(140) UNIQUE,
`track_field` varchar(140),
`disabled` tinyint(4) NOT NULL DEFAULT 0,
`_user_tags` text,
`_comments` text,
`_assign` text,
`_liked_by` text,
index creation(creation))
			ENGINE=InnoDB
			ROW_FORMAT=DYNAMIC
			CHARACTER SET=utf8mb4
			COLLATE=utf8mb4_unicode_ci
2025-12-09 15:57:03,451 WARNING database DDL Query made to DB:
create table `tabAuto Repeat User` (
			name varchar(140) primary key,
			creation datetime(6),
			modified datetime(6),
			modified_by varchar(140),
			owner varchar(140),
			docstatus tinyint not null default '0',
			idx int not null default '0',
			`user` varchar(140),
parent varchar(140),
parentfield varchar(140),
parenttype varchar(140),
index parent(parent))
			ENGINE=InnoDB
			ROW_FORMAT=DYNAMIC
			CHARACTER SET=utf8mb4
			COLLATE=utf8mb4_unicode_ci
2025-12-09 15:57:03,505 WARNING database DDL Query made to DB:
create table `tabAssignment Rule User` (
			name varchar(140) primary key,
			creation datetime(6),
			modified datetime(6),
			modified_by varchar(140),
			owner varchar(140),
			docstatus tinyint not null default '0',
			idx int not null default '0',
			`user` varchar(140),
parent varchar(140),
parentfield varchar(140),
parenttype varchar(140),
index parent(parent))
			ENGINE=InnoDB
			ROW_FORMAT=DYNAMIC
			CHARACTER SET=utf8mb4
			COLLATE=utf8mb4_unicode_ci
2025-12-09 15:57:03,567 WARNING database DDL Query made to DB:
create table `tabAssignment Rule` (
			name varchar(140) primary key,
			creation datetime(6),
			modified datetime(6),
			modified_by varchar(140),
			owner varchar(140),
			docstatus tinyint not null default '0',
			idx int not null default '0',
			`document_type` varchar(140),
`due_date_based_on` varchar(140),
`priority` int(11) NOT NULL DEFAULT 0,
`disabled` tinyint(4) NOT NULL DEFAULT 0,
`description` text DEFAULT 'Automatic Assignment',
`assign_condition` longtext,
`unassign_condition` longtext,
`close_condition` longtext,
`rule` varchar(140),
`field` varchar(140),
`last_user` varchar(140),
`_user_tags` text,
`_comments` text,
`_assign` text,
`_liked_by` text,
index creation(creation))
			ENGINE=InnoDB
			ROW_FORMAT=DYNAMIC
			CHARACTER SET=utf8mb4
			COLLATE=utf8mb4_unicode_ci
2025-12-09 15:58:25,125 WARNING database DDL Query made to DB:
create table `tabEmail Content for Scheduling` (
			name varchar(140) primary key,
			creation datetime(6),
			modified datetime(6),
			modified_by varchar(140),
			owner varchar(140),
			docstatus tinyint not null default '0',
			idx int not null default '0',
			`email_template_name` varchar(140),
`feedback_url` varchar(140),
`interview_round` varchar(140),
`email_content_interviewee` longtext,
`email_content_interviewer` longtext,
`_user_tags` text,
`_comments` text,
`_assign` text,
`_liked_by` text,
index creation(creation))
			ENGINE=InnoDB
			ROW_FORMAT=DYNAMIC
			CHARACTER SET=utf8mb4
			COLLATE=utf8mb4_unicode_ci
2025-12-09 15:58:25,192 WARNING database DDL Query made to DB:
create table `tabInterviewer Email Child` (
			name varchar(140) primary key,
			creation datetime(6),
			modified datetime(6),
			modified_by varchar(140),
			owner varchar(140),
			docstatus tinyint not null default '0',
			idx int not null default '0',
			`interviewer_email` varchar(140),
parent varchar(140),
parentfield varchar(140),
parenttype varchar(140),
index parent(parent))
			ENGINE=InnoDB
			ROW_FORMAT=DYNAMIC
			CHARACTER SET=utf8mb4
			COLLATE=utf8mb4_unicode_ci
2025-12-09 15:58:25,278 WARNING database DDL Query made to DB:
create table `tabOrganizer Email` (
			name varchar(140) primary key,
			creation datetime(6),
			modified datetime(6),
			modified_by varchar(140),
			owner varchar(140),
			docstatus tinyint not null default '0',
			idx int not null default '0',
			`_user_tags` text,
`_comments` text,
`_assign` text,
`_liked_by` text,
index creation(creation))
			ENGINE=InnoDB
			ROW_FORMAT=DYNAMIC
			CHARACTER SET=utf8mb4
			COLLATE=utf8mb4_unicode_ci
2025-12-09 15:58:25,351 WARNING database DDL Query made to DB:
create table `tabSchedule interview` (
			name varchar(140) primary key,
			creation datetime(6),
			modified datetime(6),
			modified_by varchar(140),
			owner varchar(140),
			docstatus tinyint not null default '0',
			idx int not null default '0',
			`applicants_name` varchar(140),
`candidate_cv__resume` text,
`feedback_form` text,
`interview_round` varchar(140) DEFAULT 'Shortlist - Round 1',
`organizer_email` varchar(140),
`interview_date` date,
`interview_type` tinyint(4) NOT NULL DEFAULT 0,
`event_title` varchar(140),
`attendees` varchar(140),
`meeting_room` varchar(140),
`start_time` time(6),
`end_time` time(6),
`room_email` varchar(140),
`_user_tags` text,
`_comments` text,
`_assign` text,
`_liked_by` text,
index creation(creation))
			ENGINE=InnoDB
			ROW_FORMAT=DYNAMIC
			CHARACTER SET=utf8mb4
			COLLATE=utf8mb4_unicode_ci
2025-12-09 15:58:25,407 WARNING database DDL Query made to DB:
create table `tabInterviewer Email List` (
			name varchar(140) primary key,
			creation datetime(6),
			modified datetime(6),
			modified_by varchar(140),
			owner varchar(140),
			docstatus tinyint not null default '0',
			idx int not null default '0',
			`interviewer_name` varchar(140),
`team` varchar(140),
`_user_tags` text,
`_comments` text,
`_assign` text,
`_liked_by` text,
index creation(creation))
			ENGINE=InnoDB
			ROW_FORMAT=DYNAMIC
			CHARACTER SET=utf8mb4
			COLLATE=utf8mb4_unicode_ci
2025-12-09 15:58:25,494 WARNING database DDL Query made to DB:
create table `tabScholarship Recruitment Form` (
			name varchar(140) primary key,
			creation datetime(6),
			modified datetime(6),
			modified_by varchar(140),
			owner varchar(140),
			docstatus tinyint not null default '0',
			idx int not null default '0',
			`application_status` varchar(140) DEFAULT 'New Applicant',
`role` varchar(140),
`full_name_as_per_aadhar` varchar(140),
`gender` varchar(140),
`email` varchar(140),
`phone_number` varchar(140),
`total_years_of_experience` varchar(140),
`current_ctc` varchar(140),
`expected_ctc` varchar(140),
`feedback_one_pdf` text,
`folder_path` varchar(140),
`highest_level_of_education` varchar(140),
`year_completion` varchar(140),
`relocation` varchar(140),
`total_experience` varchar(140),
`if_no_experience_years` decimal(21,1) NOT NULL DEFAULT 0.0,
`spreadsheet` tinyint(4) NOT NULL DEFAULT 0,
`basic_formula` tinyint(4) NOT NULL DEFAULT 0,
`functions` tinyint(4) NOT NULL DEFAULT 0,
`pivot_charts` tinyint(4) NOT NULL DEFAULT 0,
`english` tinyint(4) NOT NULL DEFAULT 0,
`religional_languages` tinyint(4) NOT NULL DEFAULT 0,
`state_of_residence` varchar(140),
`srt_mail` varchar(140) DEFAULT 'recruitment.scholarship@azimpremjifoundation.org',
`resume__cv` text,
`total_score` varchar(140),
`score_percentile` varchar(140),
`_user_tags` text,
`_comments` text,
`_assign` text,
`_liked_by` text,
`_seen` text,
index creation(creation),
index modified(modified))
			ENGINE=InnoDB
			ROW_FORMAT=DYNAMIC
			CHARACTER SET=utf8mb4
			COLLATE=utf8mb4_unicode_ci
2025-12-09 15:59:48,472 WARNING database DDL Query made to DB:
create table `tabEmail Content for Scheduling` (
			name varchar(140) primary key,
			creation datetime(6),
			modified datetime(6),
			modified_by varchar(140),
			owner varchar(140),
			docstatus tinyint not null default '0',
			idx int not null default '0',
			`email_template_name` varchar(140),
`feedback_url` varchar(140),
`interview_round` varchar(140),
`email_content_interviewee` longtext,
`email_content_interviewer` longtext,
`_user_tags` text,
`_comments` text,
`_assign` text,
`_liked_by` text,
index creation(creation))
			ENGINE=InnoDB
			ROW_FORMAT=DYNAMIC
			CHARACTER SET=utf8mb4
			COLLATE=utf8mb4_unicode_ci
2025-12-09 15:59:48,551 WARNING database DDL Query made to DB:
create table `tabInterviewer Email Child` (
			name varchar(140) primary key,
			creation datetime(6),
			modified datetime(6),
			modified_by varchar(140),
			owner varchar(140),
			docstatus tinyint not null default '0',
			idx int not null default '0',
			`interviewer_email` varchar(140),
parent varchar(140),
parentfield varchar(140),
parenttype varchar(140),
index parent(parent))
			ENGINE=InnoDB
			ROW_FORMAT=DYNAMIC
			CHARACTER SET=utf8mb4
			COLLATE=utf8mb4_unicode_ci
2025-12-09 15:59:48,664 WARNING database DDL Query made to DB:
create table `tabOrganizer Email` (
			name varchar(140) primary key,
			creation datetime(6),
			modified datetime(6),
			modified_by varchar(140),
			owner varchar(140),
			docstatus tinyint not null default '0',
			idx int not null default '0',
			`_user_tags` text,
`_comments` text,
`_assign` text,
`_liked_by` text,
index creation(creation))
			ENGINE=InnoDB
			ROW_FORMAT=DYNAMIC
			CHARACTER SET=utf8mb4
			COLLATE=utf8mb4_unicode_ci
2025-12-09 15:59:48,762 WARNING database DDL Query made to DB:
create table `tabSchedule interview` (
			name varchar(140) primary key,
			creation datetime(6),
			modified datetime(6),
			modified_by varchar(140),
			owner varchar(140),
			docstatus tinyint not null default '0',
			idx int not null default '0',
			`applicants_name` varchar(140),
`candidate_cv__resume` text,
`feedback_form` text,
`interview_round` varchar(140) DEFAULT 'Shortlist - Round 1',
`organizer_email` varchar(140),
`interview_date` date,
`interview_type` tinyint(4) NOT NULL DEFAULT 0,
`event_title` varchar(140),
`attendees` varchar(140),
`meeting_room` varchar(140),
`start_time` time(6),
`end_time` time(6),
`room_email` varchar(140),
`_user_tags` text,
`_comments` text,
`_assign` text,
`_liked_by` text,
index creation(creation))
			ENGINE=InnoDB
			ROW_FORMAT=DYNAMIC
			CHARACTER SET=utf8mb4
			COLLATE=utf8mb4_unicode_ci
2025-12-09 15:59:48,822 WARNING database DDL Query made to DB:
create table `tabInterviewer Email List` (
			name varchar(140) primary key,
			creation datetime(6),
			modified datetime(6),
			modified_by varchar(140),
			owner varchar(140),
			docstatus tinyint not null default '0',
			idx int not null default '0',
			`interviewer_name` varchar(140),
`team` varchar(140),
`_user_tags` text,
`_comments` text,
`_assign` text,
`_liked_by` text,
index creation(creation))
			ENGINE=InnoDB
			ROW_FORMAT=DYNAMIC
			CHARACTER SET=utf8mb4
			COLLATE=utf8mb4_unicode_ci
2025-12-09 15:59:48,923 WARNING database DDL Query made to DB:
create table `tabScholarship Recruitment Form` (
			name varchar(140) primary key,
			creation datetime(6),
			modified datetime(6),
			modified_by varchar(140),
			owner varchar(140),
			docstatus tinyint not null default '0',
			idx int not null default '0',
			`application_status` varchar(140) DEFAULT 'New Applicant',
`role` varchar(140),
`full_name_as_per_aadhar` varchar(140),
`gender` varchar(140),
`email` varchar(140),
`phone_number` varchar(140),
`total_years_of_experience` varchar(140),
`current_ctc` varchar(140),
`expected_ctc` varchar(140),
`feedback_one_pdf` text,
`folder_path` varchar(140),
`highest_level_of_education` varchar(140),
`year_completion` varchar(140),
`relocation` varchar(140),
`total_experience` varchar(140),
`if_no_experience_years` decimal(21,1) NOT NULL DEFAULT 0.0,
`spreadsheet` tinyint(4) NOT NULL DEFAULT 0,
`basic_formula` tinyint(4) NOT NULL DEFAULT 0,
`functions` tinyint(4) NOT NULL DEFAULT 0,
`pivot_charts` tinyint(4) NOT NULL DEFAULT 0,
`english` tinyint(4) NOT NULL DEFAULT 0,
`religional_languages` tinyint(4) NOT NULL DEFAULT 0,
`state_of_residence` varchar(140),
`srt_mail` varchar(140) DEFAULT 'recruitment.scholarship@azimpremjifoundation.org',
`resume__cv` text,
`total_score` varchar(140),
`score_percentile` varchar(140),
`_user_tags` text,
`_comments` text,
`_assign` text,
`_liked_by` text,
`_seen` text,
index creation(creation),
index modified(modified))
			ENGINE=InnoDB
			ROW_FORMAT=DYNAMIC
			CHARACTER SET=utf8mb4
			COLLATE=utf8mb4_unicode_ci
2025-12-09 16:01:14,822 WARNING database DDL Query made to DB:
DROP TABLE IF EXISTS `tabEmail Content for Scheduling`
2025-12-09 16:01:14,869 WARNING database DDL Query made to DB:
DROP TABLE IF EXISTS `tabScholarship Recruitment Form`
2025-12-09 16:01:14,904 WARNING database DDL Query made to DB:
DROP TABLE IF EXISTS `tabInterviewer Email List`
2025-12-09 16:01:14,939 WARNING database DDL Query made to DB:
DROP TABLE IF EXISTS `tabInterviewer Email Child`
2025-12-09 16:01:14,974 WARNING database DDL Query made to DB:
DROP TABLE IF EXISTS `tabOrganizer Email`
2025-12-09 16:01:15,017 WARNING database DDL Query made to DB:
DROP TABLE IF EXISTS `tabSchedule interview`
2025-12-09 16:06:16,516 WARNING database DDL Query made to DB:
create table `tabEmail Content for Scheduling` (
			name varchar(140) primary key,
			creation datetime(6),
			modified datetime(6),
			modified_by varchar(140),
			owner varchar(140),
			docstatus tinyint not null default '0',
			idx int not null default '0',
			`email_template_name` varchar(140),
`feedback_url` varchar(140),
`interview_round` varchar(140),
`email_content_interviewee` longtext,
`email_content_interviewer` longtext,
`_user_tags` text,
`_comments` text,
`_assign` text,
`_liked_by` text,
index creation(creation))
			ENGINE=InnoDB
			ROW_FORMAT=DYNAMIC
			CHARACTER SET=utf8mb4
			COLLATE=utf8mb4_unicode_ci
2025-12-09 16:06:16,589 WARNING database DDL Query made to DB:
create table `tabInterviewer Email Child` (
			name varchar(140) primary key,
			creation datetime(6),
			modified datetime(6),
			modified_by varchar(140),
			owner varchar(140),
			docstatus tinyint not null default '0',
			idx int not null default '0',
			`interviewer_email` varchar(140),
parent varchar(140),
parentfield varchar(140),
parenttype varchar(140),
index parent(parent))
			ENGINE=InnoDB
			ROW_FORMAT=DYNAMIC
			CHARACTER SET=utf8mb4
			COLLATE=utf8mb4_unicode_ci
2025-12-09 16:06:16,704 WARNING database DDL Query made to DB:
create table `tabOrganizer Email` (
			name varchar(140) primary key,
			creation datetime(6),
			modified datetime(6),
			modified_by varchar(140),
			owner varchar(140),
			docstatus tinyint not null default '0',
			idx int not null default '0',
			`_user_tags` text,
`_comments` text,
`_assign` text,
`_liked_by` text,
index creation(creation))
			ENGINE=InnoDB
			ROW_FORMAT=DYNAMIC
			CHARACTER SET=utf8mb4
			COLLATE=utf8mb4_unicode_ci
2025-12-09 16:06:16,792 WARNING database DDL Query made to DB:
create table `tabSchedule interview` (
			name varchar(140) primary key,
			creation datetime(6),
			modified datetime(6),
			modified_by varchar(140),
			owner varchar(140),
			docstatus tinyint not null default '0',
			idx int not null default '0',
			`applicants_name` varchar(140),
`candidate_cv__resume` text,
`feedback_form` text,
`interview_round` varchar(140) DEFAULT 'Shortlist - Round 1',
`organizer_email` varchar(140),
`interview_date` date,
`interview_type` tinyint(4) NOT NULL DEFAULT 0,
`event_title` varchar(140),
`attendees` varchar(140),
`meeting_room` varchar(140),
`start_time` time(6),
`end_time` time(6),
`room_email` varchar(140),
`_user_tags` text,
`_comments` text,
`_assign` text,
`_liked_by` text,
index creation(creation))
			ENGINE=InnoDB
			ROW_FORMAT=DYNAMIC
			CHARACTER SET=utf8mb4
			COLLATE=utf8mb4_unicode_ci
2025-12-09 16:06:16,845 WARNING database DDL Query made to DB:
create table `tabInterviewer Email List` (
			name varchar(140) primary key,
			creation datetime(6),
			modified datetime(6),
			modified_by varchar(140),
			owner varchar(140),
			docstatus tinyint not null default '0',
			idx int not null default '0',
			`interviewer_name` varchar(140),
`team` varchar(140),
`_user_tags` text,
`_comments` text,
`_assign` text,
`_liked_by` text,
index creation(creation))
			ENGINE=InnoDB
			ROW_FORMAT=DYNAMIC
			CHARACTER SET=utf8mb4
			COLLATE=utf8mb4_unicode_ci
2025-12-09 16:06:16,926 WARNING database DDL Query made to DB:
create table `tabScholarship Recruitment Form` (
			name varchar(140) primary key,
			creation datetime(6),
			modified datetime(6),
			modified_by varchar(140),
			owner varchar(140),
			docstatus tinyint not null default '0',
			idx int not null default '0',
			`application_status` varchar(140) DEFAULT 'New Applicant',
`role` varchar(140),
`full_name_as_per_aadhar` varchar(140),
`gender` varchar(140),
`email` varchar(140),
`phone_number` varchar(140),
`total_years_of_experience` varchar(140),
`current_ctc` varchar(140),
`expected_ctc` varchar(140),
`feedback_one_pdf` text,
`folder_path` varchar(140),
`highest_level_of_education` varchar(140),
`year_completion` varchar(140),
`relocation` varchar(140),
`total_experience` varchar(140),
`if_no_experience_years` decimal(21,1) NOT NULL DEFAULT 0.0,
`spreadsheet` tinyint(4) NOT NULL DEFAULT 0,
`basic_formula` tinyint(4) NOT NULL DEFAULT 0,
`functions` tinyint(4) NOT NULL DEFAULT 0,
`pivot_charts` tinyint(4) NOT NULL DEFAULT 0,
`english` tinyint(4) NOT NULL DEFAULT 0,
`religional_languages` tinyint(4) NOT NULL DEFAULT 0,
`state_of_residence` varchar(140),
`srt_mail` varchar(140) DEFAULT 'recruitment.scholarship@azimpremjifoundation.org',
`resume__cv` text,
`total_score` varchar(140),
`score_percentile` varchar(140),
`_user_tags` text,
`_comments` text,
`_assign` text,
`_liked_by` text,
`_seen` text,
index creation(creation),
index modified(modified))
			ENGINE=InnoDB
			ROW_FORMAT=DYNAMIC
			CHARACTER SET=utf8mb4
			COLLATE=utf8mb4_unicode_ci
2025-12-09 16:21:36,612 WARNING database DDL Query made to DB:
ALTER TABLE `tabSchedule interview` ADD COLUMN `custom_student` varchar(140)
2025-12-09 16:42:11,854 WARNING database DDL Query made to DB:
ALTER TABLE `tabStudent Applicant` ADD COLUMN `entrance_exam_score` varchar(140)
2025-12-10 12:15:16,647 WARNING database DDL Query made to DB:
create table `tabDocuments Verification Form` (
			name varchar(140) primary key,
			creation datetime(6),
			modified datetime(6),
			modified_by varchar(140),
			owner varchar(140),
			docstatus tinyint not null default '0',
			idx int not null default '0',
			`applicant_id` varchar(140),
`applicant_name` varchar(140),
`pan_card` text,
`aadhaar_card` text,
`education_certificates` text,
`previous_work_experience_letters` text,
`latest_hikeincrement_letter` text,
`current_organisation_offer_letter` text,
`status` varchar(140) DEFAULT 'Submitted',
`_user_tags` text,
`_comments` text,
`_assign` text,
`_liked_by` text,
`_seen` text,
index `applicant_id`(`applicant_id`),
index creation(creation),
index modified(modified))
			ENGINE=InnoDB
			ROW_FORMAT=DYNAMIC
			CHARACTER SET=utf8mb4
			COLLATE=utf8mb4_unicode_ci
2025-12-10 12:17:49,196 WARNING database DDL Query made to DB:
ALTER TABLE `tabDocuments Verification Form` ADD COLUMN `std_x` varchar(140)
2025-12-10 12:18:16,072 WARNING database DDL Query made to DB:
ALTER TABLE `tabDocuments Verification Form` MODIFY `std_x` text
2025-12-10 12:19:52,547 WARNING database DDL Query made to DB:
ALTER TABLE `tabDocuments Verification Form` ADD COLUMN `std_xi_marksheet` text, ADD COLUMN `std_xii_marksheet` text
2025-12-10 12:22:16,326 WARNING database DDL Query made to DB:
ALTER TABLE `tabDocuments Verification Form` ADD COLUMN `transfer_certificate` text, ADD COLUMN `entrance_exam_admit_card` text, ADD COLUMN `entrance_exam_score_marksheet` text, ADD COLUMN `passport_size_photo` text
2025-12-10 12:25:01,878 WARNING database DDL Query made to DB:
ALTER TABLE `tabDocuments Verification Form` ADD COLUMN `student_name` varchar(140)
