2025-12-10 09:37:36,483 ERROR scheduler Exception in Enqueue Events for Site education.local
Traceback (most recent call last):
  File "/home/appi/SLCM/apps/frappe/frappe/utils/scheduler.py", line 120, in enqueue_events_for_site
    enqueue_events()
  File "/home/appi/SLCM/apps/frappe/frappe/utils/scheduler.py", line 135, in enqueue_events
    all_jobs = frappe.get_all("Scheduled Job Type", filters={"stopped": 0}, fields="*")
               ^^^^^^^^^^^^^^^^^^^^^^^^^^^^^^^^^^^^^^^^^^^^^^^^^^^^^^^^^^^^^^^^^^^^^^^^
  File "/home/appi/SLCM/apps/frappe/frappe/__init__.py", line 1385, in get_all
    return get_list(doctype, *args, **kwargs)
           ^^^^^^^^^^^^^^^^^^^^^^^^^^^^^^^^^^
  File "/home/appi/SLCM/apps/frappe/frappe/__init__.py", line 1360, in get_list
    return frappe.model.db_query.DatabaseQuery(doctype).execute(*args, **kwargs)
           ^^^^^^^^^^^^^^^^^^^^^^^^^^^^^^^^^^^^^^^^^^^^^^^^^^^^^^^^^^^^^^^^^^^^^
  File "/home/appi/SLCM/apps/frappe/frappe/model/db_query.py", line 186, in execute
    if is_virtual_doctype(self.doctype):
       ^^^^^^^^^^^^^^^^^^^^^^^^^^^^^^^^
  File "/home/appi/SLCM/apps/frappe/frappe/utils/caching.py", line 157, in site_cache_wrapper
    result = func(*args, **kwargs)
             ^^^^^^^^^^^^^^^^^^^^^
  File "/home/appi/SLCM/apps/frappe/frappe/model/utils/__init__.py", line 141, in is_virtual_doctype
    return getattr(frappe.get_meta(doctype), "is_virtual", False)
                   ^^^^^^^^^^^^^^^^^^^^^^^^
  File "/home/appi/SLCM/apps/frappe/frappe/model/meta.py", line 89, in get_meta
    meta = Meta(doctype)
           ^^^^^^^^^^^^^
  File "/home/appi/SLCM/apps/frappe/frappe/model/meta.py", line 152, in __init__
    super().__init__("DocType", doctype)
  File "/home/appi/SLCM/apps/frappe/frappe/model/document.py", line 189, in __init__
    self.load_from_db()
  File "/home/appi/SLCM/apps/frappe/frappe/model/meta.py", line 158, in load_from_db
    super().load_from_db()
  File "/home/appi/SLCM/apps/frappe/frappe/model/document.py", line 265, in load_from_db
    self.load_children_from_db()
  File "/home/appi/SLCM/apps/frappe/frappe/model/document.py", line 299, in load_children_from_db
    self.set(fieldname, children)
  File "/home/appi/SLCM/apps/frappe/frappe/model/base_document.py", line 329, in set
    self.extend(key, value)
  File "/home/appi/SLCM/apps/frappe/frappe/model/base_document.py", line 399, in extend
    self.append(key, v)
  File "/home/appi/SLCM/apps/frappe/frappe/model/base_document.py", line 355, in append
    d = self._init_child(value, key)
        ^^^^^^^^^^^^^^^^^^^^^^^^^^^^
  File "/home/appi/SLCM/apps/frappe/frappe/model/base_document.py", line 421, in _init_child
    controller = get_controller(doctype)
                 ^^^^^^^^^^^^^^^^^^^^^^^
  File "/home/appi/SLCM/apps/frappe/frappe/model/base_document.py", line 101, in get_controller
    site_controllers[doctype] = import_controller(doctype)
                                ^^^^^^^^^^^^^^^^^^^^^^^^^^
  File "/home/appi/SLCM/apps/frappe/frappe/model/base_document.py", line 119, in import_controller
    class_overrides = frappe.get_hooks("override_doctype_class")
                      ^^^^^^^^^^^^^^^^^^^^^^^^^^^^^^^^^^^^^^^^^^
  File "/home/appi/SLCM/apps/frappe/frappe/__init__.py", line 984, in get_hooks
    hooks = _site_cached_load_app_hooks()
            ^^^^^^^^^^^^^^^^^^^^^^^^^^^^^
  File "/home/appi/SLCM/apps/frappe/frappe/utils/caching.py", line 157, in site_cache_wrapper
    result = func(*args, **kwargs)
             ^^^^^^^^^^^^^^^^^^^^^
  File "/home/appi/SLCM/apps/frappe/frappe/__init__.py", line 950, in _load_app_hooks
    app_hooks = get_module(f"{app}.hooks")
                ^^^^^^^^^^^^^^^^^^^^^^^^^^
  File "/home/appi/SLCM/apps/frappe/frappe/__init__.py", line 817, in get_module
    return importlib.import_module(modulename)
           ^^^^^^^^^^^^^^^^^^^^^^^^^^^^^^^^^^^
  File "/usr/lib/python3.12/importlib/__init__.py", line 90, in import_module
    return _bootstrap._gcd_import(name[level:], package, level)
           ^^^^^^^^^^^^^^^^^^^^^^^^^^^^^^^^^^^^^^^^^^^^^^^^^^^^
  File "<frozen importlib._bootstrap>", line 1387, in _gcd_import
  File "<frozen importlib._bootstrap>", line 1360, in _find_and_load
  File "<frozen importlib._bootstrap>", line 1310, in _find_and_load_unlocked
  File "<frozen importlib._bootstrap>", line 488, in _call_with_frames_removed
  File "<frozen importlib._bootstrap>", line 1387, in _gcd_import
  File "<frozen importlib._bootstrap>", line 1360, in _find_and_load
  File "<frozen importlib._bootstrap>", line 1324, in _find_and_load_unlocked
ModuleNotFoundError: No module named 'ms_calendar'
2025-12-10 09:38:00,504 ERROR scheduler Exception in Enqueue Events for Site education.local
Traceback (most recent call last):
  File "/home/appi/SLCM/apps/frappe/frappe/utils/scheduler.py", line 120, in enqueue_events_for_site
    enqueue_events()
  File "/home/appi/SLCM/apps/frappe/frappe/utils/scheduler.py", line 135, in enqueue_events
    all_jobs = frappe.get_all("Scheduled Job Type", filters={"stopped": 0}, fields="*")
               ^^^^^^^^^^^^^^^^^^^^^^^^^^^^^^^^^^^^^^^^^^^^^^^^^^^^^^^^^^^^^^^^^^^^^^^^
  File "/home/appi/SLCM/apps/frappe/frappe/__init__.py", line 1385, in get_all
    return get_list(doctype, *args, **kwargs)
           ^^^^^^^^^^^^^^^^^^^^^^^^^^^^^^^^^^
  File "/home/appi/SLCM/apps/frappe/frappe/__init__.py", line 1360, in get_list
    return frappe.model.db_query.DatabaseQuery(doctype).execute(*args, **kwargs)
           ^^^^^^^^^^^^^^^^^^^^^^^^^^^^^^^^^^^^^^^^^^^^^^^^^^^^^^^^^^^^^^^^^^^^^
  File "/home/appi/SLCM/apps/frappe/frappe/model/db_query.py", line 186, in execute
    if is_virtual_doctype(self.doctype):
       ^^^^^^^^^^^^^^^^^^^^^^^^^^^^^^^^
  File "/home/appi/SLCM/apps/frappe/frappe/utils/caching.py", line 157, in site_cache_wrapper
    result = func(*args, **kwargs)
             ^^^^^^^^^^^^^^^^^^^^^
  File "/home/appi/SLCM/apps/frappe/frappe/model/utils/__init__.py", line 141, in is_virtual_doctype
    return getattr(frappe.get_meta(doctype), "is_virtual", False)
                   ^^^^^^^^^^^^^^^^^^^^^^^^
  File "/home/appi/SLCM/apps/frappe/frappe/model/meta.py", line 89, in get_meta
    meta = Meta(doctype)
           ^^^^^^^^^^^^^
  File "/home/appi/SLCM/apps/frappe/frappe/model/meta.py", line 152, in __init__
    super().__init__("DocType", doctype)
  File "/home/appi/SLCM/apps/frappe/frappe/model/document.py", line 189, in __init__
    self.load_from_db()
  File "/home/appi/SLCM/apps/frappe/frappe/model/meta.py", line 158, in load_from_db
    super().load_from_db()
  File "/home/appi/SLCM/apps/frappe/frappe/model/document.py", line 265, in load_from_db
    self.load_children_from_db()
  File "/home/appi/SLCM/apps/frappe/frappe/model/document.py", line 299, in load_children_from_db
    self.set(fieldname, children)
  File "/home/appi/SLCM/apps/frappe/frappe/model/base_document.py", line 329, in set
    self.extend(key, value)
  File "/home/appi/SLCM/apps/frappe/frappe/model/base_document.py", line 399, in extend
    self.append(key, v)
  File "/home/appi/SLCM/apps/frappe/frappe/model/base_document.py", line 355, in append
    d = self._init_child(value, key)
        ^^^^^^^^^^^^^^^^^^^^^^^^^^^^
  File "/home/appi/SLCM/apps/frappe/frappe/model/base_document.py", line 421, in _init_child
    controller = get_controller(doctype)
                 ^^^^^^^^^^^^^^^^^^^^^^^
  File "/home/appi/SLCM/apps/frappe/frappe/model/base_document.py", line 101, in get_controller
    site_controllers[doctype] = import_controller(doctype)
                                ^^^^^^^^^^^^^^^^^^^^^^^^^^
  File "/home/appi/SLCM/apps/frappe/frappe/model/base_document.py", line 119, in import_controller
    class_overrides = frappe.get_hooks("override_doctype_class")
                      ^^^^^^^^^^^^^^^^^^^^^^^^^^^^^^^^^^^^^^^^^^
  File "/home/appi/SLCM/apps/frappe/frappe/__init__.py", line 984, in get_hooks
    hooks = _site_cached_load_app_hooks()
            ^^^^^^^^^^^^^^^^^^^^^^^^^^^^^
  File "/home/appi/SLCM/apps/frappe/frappe/utils/caching.py", line 157, in site_cache_wrapper
    result = func(*args, **kwargs)
             ^^^^^^^^^^^^^^^^^^^^^
  File "/home/appi/SLCM/apps/frappe/frappe/__init__.py", line 950, in _load_app_hooks
    app_hooks = get_module(f"{app}.hooks")
                ^^^^^^^^^^^^^^^^^^^^^^^^^^
  File "/home/appi/SLCM/apps/frappe/frappe/__init__.py", line 817, in get_module
    return importlib.import_module(modulename)
           ^^^^^^^^^^^^^^^^^^^^^^^^^^^^^^^^^^^
  File "/usr/lib/python3.12/importlib/__init__.py", line 90, in import_module
    return _bootstrap._gcd_import(name[level:], package, level)
           ^^^^^^^^^^^^^^^^^^^^^^^^^^^^^^^^^^^^^^^^^^^^^^^^^^^^
  File "<frozen importlib._bootstrap>", line 1387, in _gcd_import
  File "<frozen importlib._bootstrap>", line 1360, in _find_and_load
  File "<frozen importlib._bootstrap>", line 1310, in _find_and_load_unlocked
  File "<frozen importlib._bootstrap>", line 488, in _call_with_frames_removed
  File "<frozen importlib._bootstrap>", line 1387, in _gcd_import
  File "<frozen importlib._bootstrap>", line 1360, in _find_and_load
  File "<frozen importlib._bootstrap>", line 1324, in _find_and_load_unlocked
ModuleNotFoundError: No module named 'ms_calendar'
2025-12-10 09:42:00,521 ERROR scheduler Exception in Enqueue Events for Site education.local
Traceback (most recent call last):
  File "/home/appi/SLCM/apps/frappe/frappe/utils/scheduler.py", line 120, in enqueue_events_for_site
    enqueue_events()
  File "/home/appi/SLCM/apps/frappe/frappe/utils/scheduler.py", line 135, in enqueue_events
    all_jobs = frappe.get_all("Scheduled Job Type", filters={"stopped": 0}, fields="*")
               ^^^^^^^^^^^^^^^^^^^^^^^^^^^^^^^^^^^^^^^^^^^^^^^^^^^^^^^^^^^^^^^^^^^^^^^^
  File "/home/appi/SLCM/apps/frappe/frappe/__init__.py", line 1385, in get_all
    return get_list(doctype, *args, **kwargs)
           ^^^^^^^^^^^^^^^^^^^^^^^^^^^^^^^^^^
  File "/home/appi/SLCM/apps/frappe/frappe/__init__.py", line 1360, in get_list
    return frappe.model.db_query.DatabaseQuery(doctype).execute(*args, **kwargs)
           ^^^^^^^^^^^^^^^^^^^^^^^^^^^^^^^^^^^^^^^^^^^^^^^^^^^^^^^^^^^^^^^^^^^^^
  File "/home/appi/SLCM/apps/frappe/frappe/model/db_query.py", line 186, in execute
    if is_virtual_doctype(self.doctype):
       ^^^^^^^^^^^^^^^^^^^^^^^^^^^^^^^^
  File "/home/appi/SLCM/apps/frappe/frappe/utils/caching.py", line 157, in site_cache_wrapper
    result = func(*args, **kwargs)
             ^^^^^^^^^^^^^^^^^^^^^
  File "/home/appi/SLCM/apps/frappe/frappe/model/utils/__init__.py", line 141, in is_virtual_doctype
    return getattr(frappe.get_meta(doctype), "is_virtual", False)
                   ^^^^^^^^^^^^^^^^^^^^^^^^
  File "/home/appi/SLCM/apps/frappe/frappe/model/meta.py", line 89, in get_meta
    meta = Meta(doctype)
           ^^^^^^^^^^^^^
  File "/home/appi/SLCM/apps/frappe/frappe/model/meta.py", line 152, in __init__
    super().__init__("DocType", doctype)
  File "/home/appi/SLCM/apps/frappe/frappe/model/document.py", line 189, in __init__
    self.load_from_db()
  File "/home/appi/SLCM/apps/frappe/frappe/model/meta.py", line 158, in load_from_db
    super().load_from_db()
  File "/home/appi/SLCM/apps/frappe/frappe/model/document.py", line 265, in load_from_db
    self.load_children_from_db()
  File "/home/appi/SLCM/apps/frappe/frappe/model/document.py", line 299, in load_children_from_db
    self.set(fieldname, children)
  File "/home/appi/SLCM/apps/frappe/frappe/model/base_document.py", line 329, in set
    self.extend(key, value)
  File "/home/appi/SLCM/apps/frappe/frappe/model/base_document.py", line 399, in extend
    self.append(key, v)
  File "/home/appi/SLCM/apps/frappe/frappe/model/base_document.py", line 355, in append
    d = self._init_child(value, key)
        ^^^^^^^^^^^^^^^^^^^^^^^^^^^^
  File "/home/appi/SLCM/apps/frappe/frappe/model/base_document.py", line 421, in _init_child
    controller = get_controller(doctype)
                 ^^^^^^^^^^^^^^^^^^^^^^^
  File "/home/appi/SLCM/apps/frappe/frappe/model/base_document.py", line 101, in get_controller
    site_controllers[doctype] = import_controller(doctype)
                                ^^^^^^^^^^^^^^^^^^^^^^^^^^
  File "/home/appi/SLCM/apps/frappe/frappe/model/base_document.py", line 119, in import_controller
    class_overrides = frappe.get_hooks("override_doctype_class")
                      ^^^^^^^^^^^^^^^^^^^^^^^^^^^^^^^^^^^^^^^^^^
  File "/home/appi/SLCM/apps/frappe/frappe/__init__.py", line 984, in get_hooks
    hooks = _site_cached_load_app_hooks()
            ^^^^^^^^^^^^^^^^^^^^^^^^^^^^^
  File "/home/appi/SLCM/apps/frappe/frappe/utils/caching.py", line 157, in site_cache_wrapper
    result = func(*args, **kwargs)
             ^^^^^^^^^^^^^^^^^^^^^
  File "/home/appi/SLCM/apps/frappe/frappe/__init__.py", line 950, in _load_app_hooks
    app_hooks = get_module(f"{app}.hooks")
                ^^^^^^^^^^^^^^^^^^^^^^^^^^
  File "/home/appi/SLCM/apps/frappe/frappe/__init__.py", line 817, in get_module
    return importlib.import_module(modulename)
           ^^^^^^^^^^^^^^^^^^^^^^^^^^^^^^^^^^^
  File "/usr/lib/python3.12/importlib/__init__.py", line 90, in import_module
    return _bootstrap._gcd_import(name[level:], package, level)
           ^^^^^^^^^^^^^^^^^^^^^^^^^^^^^^^^^^^^^^^^^^^^^^^^^^^^
  File "<frozen importlib._bootstrap>", line 1387, in _gcd_import
  File "<frozen importlib._bootstrap>", line 1360, in _find_and_load
  File "<frozen importlib._bootstrap>", line 1310, in _find_and_load_unlocked
  File "<frozen importlib._bootstrap>", line 488, in _call_with_frames_removed
  File "<frozen importlib._bootstrap>", line 1387, in _gcd_import
  File "<frozen importlib._bootstrap>", line 1360, in _find_and_load
  File "<frozen importlib._bootstrap>", line 1324, in _find_and_load_unlocked
ModuleNotFoundError: No module named 'ms_calendar'
2025-12-10 09:46:00,538 ERROR scheduler Exception in Enqueue Events for Site education.local
Traceback (most recent call last):
  File "/home/appi/SLCM/apps/frappe/frappe/utils/scheduler.py", line 120, in enqueue_events_for_site
    enqueue_events()
  File "/home/appi/SLCM/apps/frappe/frappe/utils/scheduler.py", line 135, in enqueue_events
    all_jobs = frappe.get_all("Scheduled Job Type", filters={"stopped": 0}, fields="*")
               ^^^^^^^^^^^^^^^^^^^^^^^^^^^^^^^^^^^^^^^^^^^^^^^^^^^^^^^^^^^^^^^^^^^^^^^^
  File "/home/appi/SLCM/apps/frappe/frappe/__init__.py", line 1385, in get_all
    return get_list(doctype, *args, **kwargs)
           ^^^^^^^^^^^^^^^^^^^^^^^^^^^^^^^^^^
  File "/home/appi/SLCM/apps/frappe/frappe/__init__.py", line 1360, in get_list
    return frappe.model.db_query.DatabaseQuery(doctype).execute(*args, **kwargs)
           ^^^^^^^^^^^^^^^^^^^^^^^^^^^^^^^^^^^^^^^^^^^^^^^^^^^^^^^^^^^^^^^^^^^^^
  File "/home/appi/SLCM/apps/frappe/frappe/model/db_query.py", line 186, in execute
    if is_virtual_doctype(self.doctype):
       ^^^^^^^^^^^^^^^^^^^^^^^^^^^^^^^^
  File "/home/appi/SLCM/apps/frappe/frappe/utils/caching.py", line 157, in site_cache_wrapper
    result = func(*args, **kwargs)
             ^^^^^^^^^^^^^^^^^^^^^
  File "/home/appi/SLCM/apps/frappe/frappe/model/utils/__init__.py", line 141, in is_virtual_doctype
    return getattr(frappe.get_meta(doctype), "is_virtual", False)
                   ^^^^^^^^^^^^^^^^^^^^^^^^
  File "/home/appi/SLCM/apps/frappe/frappe/model/meta.py", line 89, in get_meta
    meta = Meta(doctype)
           ^^^^^^^^^^^^^
  File "/home/appi/SLCM/apps/frappe/frappe/model/meta.py", line 152, in __init__
    super().__init__("DocType", doctype)
  File "/home/appi/SLCM/apps/frappe/frappe/model/document.py", line 189, in __init__
    self.load_from_db()
  File "/home/appi/SLCM/apps/frappe/frappe/model/meta.py", line 158, in load_from_db
    super().load_from_db()
  File "/home/appi/SLCM/apps/frappe/frappe/model/document.py", line 265, in load_from_db
    self.load_children_from_db()
  File "/home/appi/SLCM/apps/frappe/frappe/model/document.py", line 299, in load_children_from_db
    self.set(fieldname, children)
  File "/home/appi/SLCM/apps/frappe/frappe/model/base_document.py", line 329, in set
    self.extend(key, value)
  File "/home/appi/SLCM/apps/frappe/frappe/model/base_document.py", line 399, in extend
    self.append(key, v)
  File "/home/appi/SLCM/apps/frappe/frappe/model/base_document.py", line 355, in append
    d = self._init_child(value, key)
        ^^^^^^^^^^^^^^^^^^^^^^^^^^^^
  File "/home/appi/SLCM/apps/frappe/frappe/model/base_document.py", line 421, in _init_child
    controller = get_controller(doctype)
                 ^^^^^^^^^^^^^^^^^^^^^^^
  File "/home/appi/SLCM/apps/frappe/frappe/model/base_document.py", line 101, in get_controller
    site_controllers[doctype] = import_controller(doctype)
                                ^^^^^^^^^^^^^^^^^^^^^^^^^^
  File "/home/appi/SLCM/apps/frappe/frappe/model/base_document.py", line 119, in import_controller
    class_overrides = frappe.get_hooks("override_doctype_class")
                      ^^^^^^^^^^^^^^^^^^^^^^^^^^^^^^^^^^^^^^^^^^
  File "/home/appi/SLCM/apps/frappe/frappe/__init__.py", line 984, in get_hooks
    hooks = _site_cached_load_app_hooks()
            ^^^^^^^^^^^^^^^^^^^^^^^^^^^^^
  File "/home/appi/SLCM/apps/frappe/frappe/utils/caching.py", line 157, in site_cache_wrapper
    result = func(*args, **kwargs)
             ^^^^^^^^^^^^^^^^^^^^^
  File "/home/appi/SLCM/apps/frappe/frappe/__init__.py", line 950, in _load_app_hooks
    app_hooks = get_module(f"{app}.hooks")
                ^^^^^^^^^^^^^^^^^^^^^^^^^^
  File "/home/appi/SLCM/apps/frappe/frappe/__init__.py", line 817, in get_module
    return importlib.import_module(modulename)
           ^^^^^^^^^^^^^^^^^^^^^^^^^^^^^^^^^^^
  File "/usr/lib/python3.12/importlib/__init__.py", line 90, in import_module
    return _bootstrap._gcd_import(name[level:], package, level)
           ^^^^^^^^^^^^^^^^^^^^^^^^^^^^^^^^^^^^^^^^^^^^^^^^^^^^
  File "<frozen importlib._bootstrap>", line 1387, in _gcd_import
  File "<frozen importlib._bootstrap>", line 1360, in _find_and_load
  File "<frozen importlib._bootstrap>", line 1310, in _find_and_load_unlocked
  File "<frozen importlib._bootstrap>", line 488, in _call_with_frames_removed
  File "<frozen importlib._bootstrap>", line 1387, in _gcd_import
  File "<frozen importlib._bootstrap>", line 1360, in _find_and_load
  File "<frozen importlib._bootstrap>", line 1324, in _find_and_load_unlocked
ModuleNotFoundError: No module named 'ms_calendar'
2025-12-10 09:50:00,553 ERROR scheduler Exception in Enqueue Events for Site education.local
Traceback (most recent call last):
  File "/home/appi/SLCM/apps/frappe/frappe/utils/scheduler.py", line 120, in enqueue_events_for_site
    enqueue_events()
  File "/home/appi/SLCM/apps/frappe/frappe/utils/scheduler.py", line 135, in enqueue_events
    all_jobs = frappe.get_all("Scheduled Job Type", filters={"stopped": 0}, fields="*")
               ^^^^^^^^^^^^^^^^^^^^^^^^^^^^^^^^^^^^^^^^^^^^^^^^^^^^^^^^^^^^^^^^^^^^^^^^
  File "/home/appi/SLCM/apps/frappe/frappe/__init__.py", line 1385, in get_all
    return get_list(doctype, *args, **kwargs)
           ^^^^^^^^^^^^^^^^^^^^^^^^^^^^^^^^^^
  File "/home/appi/SLCM/apps/frappe/frappe/__init__.py", line 1360, in get_list
    return frappe.model.db_query.DatabaseQuery(doctype).execute(*args, **kwargs)
           ^^^^^^^^^^^^^^^^^^^^^^^^^^^^^^^^^^^^^^^^^^^^^^^^^^^^^^^^^^^^^^^^^^^^^
  File "/home/appi/SLCM/apps/frappe/frappe/model/db_query.py", line 186, in execute
    if is_virtual_doctype(self.doctype):
       ^^^^^^^^^^^^^^^^^^^^^^^^^^^^^^^^
  File "/home/appi/SLCM/apps/frappe/frappe/utils/caching.py", line 157, in site_cache_wrapper
    result = func(*args, **kwargs)
             ^^^^^^^^^^^^^^^^^^^^^
  File "/home/appi/SLCM/apps/frappe/frappe/model/utils/__init__.py", line 141, in is_virtual_doctype
    return getattr(frappe.get_meta(doctype), "is_virtual", False)
                   ^^^^^^^^^^^^^^^^^^^^^^^^
  File "/home/appi/SLCM/apps/frappe/frappe/model/meta.py", line 89, in get_meta
    meta = Meta(doctype)
           ^^^^^^^^^^^^^
  File "/home/appi/SLCM/apps/frappe/frappe/model/meta.py", line 152, in __init__
    super().__init__("DocType", doctype)
  File "/home/appi/SLCM/apps/frappe/frappe/model/document.py", line 189, in __init__
    self.load_from_db()
  File "/home/appi/SLCM/apps/frappe/frappe/model/meta.py", line 158, in load_from_db
    super().load_from_db()
  File "/home/appi/SLCM/apps/frappe/frappe/model/document.py", line 265, in load_from_db
    self.load_children_from_db()
  File "/home/appi/SLCM/apps/frappe/frappe/model/document.py", line 299, in load_children_from_db
    self.set(fieldname, children)
  File "/home/appi/SLCM/apps/frappe/frappe/model/base_document.py", line 329, in set
    self.extend(key, value)
  File "/home/appi/SLCM/apps/frappe/frappe/model/base_document.py", line 399, in extend
    self.append(key, v)
  File "/home/appi/SLCM/apps/frappe/frappe/model/base_document.py", line 355, in append
    d = self._init_child(value, key)
        ^^^^^^^^^^^^^^^^^^^^^^^^^^^^
  File "/home/appi/SLCM/apps/frappe/frappe/model/base_document.py", line 421, in _init_child
    controller = get_controller(doctype)
                 ^^^^^^^^^^^^^^^^^^^^^^^
  File "/home/appi/SLCM/apps/frappe/frappe/model/base_document.py", line 101, in get_controller
    site_controllers[doctype] = import_controller(doctype)
                                ^^^^^^^^^^^^^^^^^^^^^^^^^^
  File "/home/appi/SLCM/apps/frappe/frappe/model/base_document.py", line 119, in import_controller
    class_overrides = frappe.get_hooks("override_doctype_class")
                      ^^^^^^^^^^^^^^^^^^^^^^^^^^^^^^^^^^^^^^^^^^
  File "/home/appi/SLCM/apps/frappe/frappe/__init__.py", line 984, in get_hooks
    hooks = _site_cached_load_app_hooks()
            ^^^^^^^^^^^^^^^^^^^^^^^^^^^^^
  File "/home/appi/SLCM/apps/frappe/frappe/utils/caching.py", line 157, in site_cache_wrapper
    result = func(*args, **kwargs)
             ^^^^^^^^^^^^^^^^^^^^^
  File "/home/appi/SLCM/apps/frappe/frappe/__init__.py", line 950, in _load_app_hooks
    app_hooks = get_module(f"{app}.hooks")
                ^^^^^^^^^^^^^^^^^^^^^^^^^^
  File "/home/appi/SLCM/apps/frappe/frappe/__init__.py", line 817, in get_module
    return importlib.import_module(modulename)
           ^^^^^^^^^^^^^^^^^^^^^^^^^^^^^^^^^^^
  File "/usr/lib/python3.12/importlib/__init__.py", line 90, in import_module
    return _bootstrap._gcd_import(name[level:], package, level)
           ^^^^^^^^^^^^^^^^^^^^^^^^^^^^^^^^^^^^^^^^^^^^^^^^^^^^
  File "<frozen importlib._bootstrap>", line 1387, in _gcd_import
  File "<frozen importlib._bootstrap>", line 1360, in _find_and_load
  File "<frozen importlib._bootstrap>", line 1310, in _find_and_load_unlocked
  File "<frozen importlib._bootstrap>", line 488, in _call_with_frames_removed
  File "<frozen importlib._bootstrap>", line 1387, in _gcd_import
  File "<frozen importlib._bootstrap>", line 1360, in _find_and_load
  File "<frozen importlib._bootstrap>", line 1324, in _find_and_load_unlocked
ModuleNotFoundError: No module named 'ms_calendar'
2025-12-10 09:54:00,569 ERROR scheduler Exception in Enqueue Events for Site education.local
Traceback (most recent call last):
  File "/home/appi/SLCM/apps/frappe/frappe/utils/scheduler.py", line 120, in enqueue_events_for_site
    enqueue_events()
  File "/home/appi/SLCM/apps/frappe/frappe/utils/scheduler.py", line 135, in enqueue_events
    all_jobs = frappe.get_all("Scheduled Job Type", filters={"stopped": 0}, fields="*")
               ^^^^^^^^^^^^^^^^^^^^^^^^^^^^^^^^^^^^^^^^^^^^^^^^^^^^^^^^^^^^^^^^^^^^^^^^
  File "/home/appi/SLCM/apps/frappe/frappe/__init__.py", line 1385, in get_all
    return get_list(doctype, *args, **kwargs)
           ^^^^^^^^^^^^^^^^^^^^^^^^^^^^^^^^^^
  File "/home/appi/SLCM/apps/frappe/frappe/__init__.py", line 1360, in get_list
    return frappe.model.db_query.DatabaseQuery(doctype).execute(*args, **kwargs)
           ^^^^^^^^^^^^^^^^^^^^^^^^^^^^^^^^^^^^^^^^^^^^^^^^^^^^^^^^^^^^^^^^^^^^^
  File "/home/appi/SLCM/apps/frappe/frappe/model/db_query.py", line 186, in execute
    if is_virtual_doctype(self.doctype):
       ^^^^^^^^^^^^^^^^^^^^^^^^^^^^^^^^
  File "/home/appi/SLCM/apps/frappe/frappe/utils/caching.py", line 157, in site_cache_wrapper
    result = func(*args, **kwargs)
             ^^^^^^^^^^^^^^^^^^^^^
  File "/home/appi/SLCM/apps/frappe/frappe/model/utils/__init__.py", line 141, in is_virtual_doctype
    return getattr(frappe.get_meta(doctype), "is_virtual", False)
                   ^^^^^^^^^^^^^^^^^^^^^^^^
  File "/home/appi/SLCM/apps/frappe/frappe/model/meta.py", line 89, in get_meta
    meta = Meta(doctype)
           ^^^^^^^^^^^^^
  File "/home/appi/SLCM/apps/frappe/frappe/model/meta.py", line 152, in __init__
    super().__init__("DocType", doctype)
  File "/home/appi/SLCM/apps/frappe/frappe/model/document.py", line 189, in __init__
    self.load_from_db()
  File "/home/appi/SLCM/apps/frappe/frappe/model/meta.py", line 158, in load_from_db
    super().load_from_db()
  File "/home/appi/SLCM/apps/frappe/frappe/model/document.py", line 265, in load_from_db
    self.load_children_from_db()
  File "/home/appi/SLCM/apps/frappe/frappe/model/document.py", line 299, in load_children_from_db
    self.set(fieldname, children)
  File "/home/appi/SLCM/apps/frappe/frappe/model/base_document.py", line 329, in set
    self.extend(key, value)
  File "/home/appi/SLCM/apps/frappe/frappe/model/base_document.py", line 399, in extend
    self.append(key, v)
  File "/home/appi/SLCM/apps/frappe/frappe/model/base_document.py", line 355, in append
    d = self._init_child(value, key)
        ^^^^^^^^^^^^^^^^^^^^^^^^^^^^
  File "/home/appi/SLCM/apps/frappe/frappe/model/base_document.py", line 421, in _init_child
    controller = get_controller(doctype)
                 ^^^^^^^^^^^^^^^^^^^^^^^
  File "/home/appi/SLCM/apps/frappe/frappe/model/base_document.py", line 101, in get_controller
    site_controllers[doctype] = import_controller(doctype)
                                ^^^^^^^^^^^^^^^^^^^^^^^^^^
  File "/home/appi/SLCM/apps/frappe/frappe/model/base_document.py", line 119, in import_controller
    class_overrides = frappe.get_hooks("override_doctype_class")
                      ^^^^^^^^^^^^^^^^^^^^^^^^^^^^^^^^^^^^^^^^^^
  File "/home/appi/SLCM/apps/frappe/frappe/__init__.py", line 984, in get_hooks
    hooks = _site_cached_load_app_hooks()
            ^^^^^^^^^^^^^^^^^^^^^^^^^^^^^
  File "/home/appi/SLCM/apps/frappe/frappe/utils/caching.py", line 157, in site_cache_wrapper
    result = func(*args, **kwargs)
             ^^^^^^^^^^^^^^^^^^^^^
  File "/home/appi/SLCM/apps/frappe/frappe/__init__.py", line 950, in _load_app_hooks
    app_hooks = get_module(f"{app}.hooks")
                ^^^^^^^^^^^^^^^^^^^^^^^^^^
  File "/home/appi/SLCM/apps/frappe/frappe/__init__.py", line 817, in get_module
    return importlib.import_module(modulename)
           ^^^^^^^^^^^^^^^^^^^^^^^^^^^^^^^^^^^
  File "/usr/lib/python3.12/importlib/__init__.py", line 90, in import_module
    return _bootstrap._gcd_import(name[level:], package, level)
           ^^^^^^^^^^^^^^^^^^^^^^^^^^^^^^^^^^^^^^^^^^^^^^^^^^^^
  File "<frozen importlib._bootstrap>", line 1387, in _gcd_import
  File "<frozen importlib._bootstrap>", line 1360, in _find_and_load
  File "<frozen importlib._bootstrap>", line 1310, in _find_and_load_unlocked
  File "<frozen importlib._bootstrap>", line 488, in _call_with_frames_removed
  File "<frozen importlib._bootstrap>", line 1387, in _gcd_import
  File "<frozen importlib._bootstrap>", line 1360, in _find_and_load
  File "<frozen importlib._bootstrap>", line 1324, in _find_and_load_unlocked
ModuleNotFoundError: No module named 'ms_calendar'
2025-12-10 09:58:00,586 ERROR scheduler Exception in Enqueue Events for Site education.local
Traceback (most recent call last):
  File "/home/appi/SLCM/apps/frappe/frappe/utils/scheduler.py", line 120, in enqueue_events_for_site
    enqueue_events()
  File "/home/appi/SLCM/apps/frappe/frappe/utils/scheduler.py", line 135, in enqueue_events
    all_jobs = frappe.get_all("Scheduled Job Type", filters={"stopped": 0}, fields="*")
               ^^^^^^^^^^^^^^^^^^^^^^^^^^^^^^^^^^^^^^^^^^^^^^^^^^^^^^^^^^^^^^^^^^^^^^^^
  File "/home/appi/SLCM/apps/frappe/frappe/__init__.py", line 1385, in get_all
    return get_list(doctype, *args, **kwargs)
           ^^^^^^^^^^^^^^^^^^^^^^^^^^^^^^^^^^
  File "/home/appi/SLCM/apps/frappe/frappe/__init__.py", line 1360, in get_list
    return frappe.model.db_query.DatabaseQuery(doctype).execute(*args, **kwargs)
           ^^^^^^^^^^^^^^^^^^^^^^^^^^^^^^^^^^^^^^^^^^^^^^^^^^^^^^^^^^^^^^^^^^^^^
  File "/home/appi/SLCM/apps/frappe/frappe/model/db_query.py", line 186, in execute
    if is_virtual_doctype(self.doctype):
       ^^^^^^^^^^^^^^^^^^^^^^^^^^^^^^^^
  File "/home/appi/SLCM/apps/frappe/frappe/utils/caching.py", line 157, in site_cache_wrapper
    result = func(*args, **kwargs)
             ^^^^^^^^^^^^^^^^^^^^^
  File "/home/appi/SLCM/apps/frappe/frappe/model/utils/__init__.py", line 141, in is_virtual_doctype
    return getattr(frappe.get_meta(doctype), "is_virtual", False)
                   ^^^^^^^^^^^^^^^^^^^^^^^^
  File "/home/appi/SLCM/apps/frappe/frappe/model/meta.py", line 89, in get_meta
    meta = Meta(doctype)
           ^^^^^^^^^^^^^
  File "/home/appi/SLCM/apps/frappe/frappe/model/meta.py", line 152, in __init__
    super().__init__("DocType", doctype)
  File "/home/appi/SLCM/apps/frappe/frappe/model/document.py", line 189, in __init__
    self.load_from_db()
  File "/home/appi/SLCM/apps/frappe/frappe/model/meta.py", line 158, in load_from_db
    super().load_from_db()
  File "/home/appi/SLCM/apps/frappe/frappe/model/document.py", line 265, in load_from_db
    self.load_children_from_db()
  File "/home/appi/SLCM/apps/frappe/frappe/model/document.py", line 299, in load_children_from_db
    self.set(fieldname, children)
  File "/home/appi/SLCM/apps/frappe/frappe/model/base_document.py", line 329, in set
    self.extend(key, value)
  File "/home/appi/SLCM/apps/frappe/frappe/model/base_document.py", line 399, in extend
    self.append(key, v)
  File "/home/appi/SLCM/apps/frappe/frappe/model/base_document.py", line 355, in append
    d = self._init_child(value, key)
        ^^^^^^^^^^^^^^^^^^^^^^^^^^^^
  File "/home/appi/SLCM/apps/frappe/frappe/model/base_document.py", line 421, in _init_child
    controller = get_controller(doctype)
                 ^^^^^^^^^^^^^^^^^^^^^^^
  File "/home/appi/SLCM/apps/frappe/frappe/model/base_document.py", line 101, in get_controller
    site_controllers[doctype] = import_controller(doctype)
                                ^^^^^^^^^^^^^^^^^^^^^^^^^^
  File "/home/appi/SLCM/apps/frappe/frappe/model/base_document.py", line 119, in import_controller
    class_overrides = frappe.get_hooks("override_doctype_class")
                      ^^^^^^^^^^^^^^^^^^^^^^^^^^^^^^^^^^^^^^^^^^
  File "/home/appi/SLCM/apps/frappe/frappe/__init__.py", line 984, in get_hooks
    hooks = _site_cached_load_app_hooks()
            ^^^^^^^^^^^^^^^^^^^^^^^^^^^^^
  File "/home/appi/SLCM/apps/frappe/frappe/utils/caching.py", line 157, in site_cache_wrapper
    result = func(*args, **kwargs)
             ^^^^^^^^^^^^^^^^^^^^^
  File "/home/appi/SLCM/apps/frappe/frappe/__init__.py", line 950, in _load_app_hooks
    app_hooks = get_module(f"{app}.hooks")
                ^^^^^^^^^^^^^^^^^^^^^^^^^^
  File "/home/appi/SLCM/apps/frappe/frappe/__init__.py", line 817, in get_module
    return importlib.import_module(modulename)
           ^^^^^^^^^^^^^^^^^^^^^^^^^^^^^^^^^^^
  File "/usr/lib/python3.12/importlib/__init__.py", line 90, in import_module
    return _bootstrap._gcd_import(name[level:], package, level)
           ^^^^^^^^^^^^^^^^^^^^^^^^^^^^^^^^^^^^^^^^^^^^^^^^^^^^
  File "<frozen importlib._bootstrap>", line 1387, in _gcd_import
  File "<frozen importlib._bootstrap>", line 1360, in _find_and_load
  File "<frozen importlib._bootstrap>", line 1310, in _find_and_load_unlocked
  File "<frozen importlib._bootstrap>", line 488, in _call_with_frames_removed
  File "<frozen importlib._bootstrap>", line 1387, in _gcd_import
  File "<frozen importlib._bootstrap>", line 1360, in _find_and_load
  File "<frozen importlib._bootstrap>", line 1324, in _find_and_load_unlocked
ModuleNotFoundError: No module named 'ms_calendar'
2025-12-10 10:02:00,602 ERROR scheduler Exception in Enqueue Events for Site education.local
Traceback (most recent call last):
  File "/home/appi/SLCM/apps/frappe/frappe/utils/scheduler.py", line 120, in enqueue_events_for_site
    enqueue_events()
  File "/home/appi/SLCM/apps/frappe/frappe/utils/scheduler.py", line 135, in enqueue_events
    all_jobs = frappe.get_all("Scheduled Job Type", filters={"stopped": 0}, fields="*")
               ^^^^^^^^^^^^^^^^^^^^^^^^^^^^^^^^^^^^^^^^^^^^^^^^^^^^^^^^^^^^^^^^^^^^^^^^
  File "/home/appi/SLCM/apps/frappe/frappe/__init__.py", line 1385, in get_all
    return get_list(doctype, *args, **kwargs)
           ^^^^^^^^^^^^^^^^^^^^^^^^^^^^^^^^^^
  File "/home/appi/SLCM/apps/frappe/frappe/__init__.py", line 1360, in get_list
    return frappe.model.db_query.DatabaseQuery(doctype).execute(*args, **kwargs)
           ^^^^^^^^^^^^^^^^^^^^^^^^^^^^^^^^^^^^^^^^^^^^^^^^^^^^^^^^^^^^^^^^^^^^^
  File "/home/appi/SLCM/apps/frappe/frappe/model/db_query.py", line 186, in execute
    if is_virtual_doctype(self.doctype):
       ^^^^^^^^^^^^^^^^^^^^^^^^^^^^^^^^
  File "/home/appi/SLCM/apps/frappe/frappe/utils/caching.py", line 157, in site_cache_wrapper
    result = func(*args, **kwargs)
             ^^^^^^^^^^^^^^^^^^^^^
  File "/home/appi/SLCM/apps/frappe/frappe/model/utils/__init__.py", line 141, in is_virtual_doctype
    return getattr(frappe.get_meta(doctype), "is_virtual", False)
                   ^^^^^^^^^^^^^^^^^^^^^^^^
  File "/home/appi/SLCM/apps/frappe/frappe/model/meta.py", line 89, in get_meta
    meta = Meta(doctype)
           ^^^^^^^^^^^^^
  File "/home/appi/SLCM/apps/frappe/frappe/model/meta.py", line 152, in __init__
    super().__init__("DocType", doctype)
  File "/home/appi/SLCM/apps/frappe/frappe/model/document.py", line 189, in __init__
    self.load_from_db()
  File "/home/appi/SLCM/apps/frappe/frappe/model/meta.py", line 158, in load_from_db
    super().load_from_db()
  File "/home/appi/SLCM/apps/frappe/frappe/model/document.py", line 265, in load_from_db
    self.load_children_from_db()
  File "/home/appi/SLCM/apps/frappe/frappe/model/document.py", line 299, in load_children_from_db
    self.set(fieldname, children)
  File "/home/appi/SLCM/apps/frappe/frappe/model/base_document.py", line 329, in set
    self.extend(key, value)
  File "/home/appi/SLCM/apps/frappe/frappe/model/base_document.py", line 399, in extend
    self.append(key, v)
  File "/home/appi/SLCM/apps/frappe/frappe/model/base_document.py", line 355, in append
    d = self._init_child(value, key)
        ^^^^^^^^^^^^^^^^^^^^^^^^^^^^
  File "/home/appi/SLCM/apps/frappe/frappe/model/base_document.py", line 421, in _init_child
    controller = get_controller(doctype)
                 ^^^^^^^^^^^^^^^^^^^^^^^
  File "/home/appi/SLCM/apps/frappe/frappe/model/base_document.py", line 101, in get_controller
    site_controllers[doctype] = import_controller(doctype)
                                ^^^^^^^^^^^^^^^^^^^^^^^^^^
  File "/home/appi/SLCM/apps/frappe/frappe/model/base_document.py", line 119, in import_controller
    class_overrides = frappe.get_hooks("override_doctype_class")
                      ^^^^^^^^^^^^^^^^^^^^^^^^^^^^^^^^^^^^^^^^^^
  File "/home/appi/SLCM/apps/frappe/frappe/__init__.py", line 984, in get_hooks
    hooks = _site_cached_load_app_hooks()
            ^^^^^^^^^^^^^^^^^^^^^^^^^^^^^
  File "/home/appi/SLCM/apps/frappe/frappe/utils/caching.py", line 157, in site_cache_wrapper
    result = func(*args, **kwargs)
             ^^^^^^^^^^^^^^^^^^^^^
  File "/home/appi/SLCM/apps/frappe/frappe/__init__.py", line 950, in _load_app_hooks
    app_hooks = get_module(f"{app}.hooks")
                ^^^^^^^^^^^^^^^^^^^^^^^^^^
  File "/home/appi/SLCM/apps/frappe/frappe/__init__.py", line 817, in get_module
    return importlib.import_module(modulename)
           ^^^^^^^^^^^^^^^^^^^^^^^^^^^^^^^^^^^
  File "/usr/lib/python3.12/importlib/__init__.py", line 90, in import_module
    return _bootstrap._gcd_import(name[level:], package, level)
           ^^^^^^^^^^^^^^^^^^^^^^^^^^^^^^^^^^^^^^^^^^^^^^^^^^^^
  File "<frozen importlib._bootstrap>", line 1387, in _gcd_import
  File "<frozen importlib._bootstrap>", line 1360, in _find_and_load
  File "<frozen importlib._bootstrap>", line 1310, in _find_and_load_unlocked
  File "<frozen importlib._bootstrap>", line 488, in _call_with_frames_removed
  File "<frozen importlib._bootstrap>", line 1387, in _gcd_import
  File "<frozen importlib._bootstrap>", line 1360, in _find_and_load
  File "<frozen importlib._bootstrap>", line 1324, in _find_and_load_unlocked
ModuleNotFoundError: No module named 'ms_calendar'
2025-12-10 10:06:00,617 ERROR scheduler Exception in Enqueue Events for Site education.local
Traceback (most recent call last):
  File "/home/appi/SLCM/apps/frappe/frappe/utils/scheduler.py", line 120, in enqueue_events_for_site
    enqueue_events()
  File "/home/appi/SLCM/apps/frappe/frappe/utils/scheduler.py", line 135, in enqueue_events
    all_jobs = frappe.get_all("Scheduled Job Type", filters={"stopped": 0}, fields="*")
               ^^^^^^^^^^^^^^^^^^^^^^^^^^^^^^^^^^^^^^^^^^^^^^^^^^^^^^^^^^^^^^^^^^^^^^^^
  File "/home/appi/SLCM/apps/frappe/frappe/__init__.py", line 1385, in get_all
    return get_list(doctype, *args, **kwargs)
           ^^^^^^^^^^^^^^^^^^^^^^^^^^^^^^^^^^
  File "/home/appi/SLCM/apps/frappe/frappe/__init__.py", line 1360, in get_list
    return frappe.model.db_query.DatabaseQuery(doctype).execute(*args, **kwargs)
           ^^^^^^^^^^^^^^^^^^^^^^^^^^^^^^^^^^^^^^^^^^^^^^^^^^^^^^^^^^^^^^^^^^^^^
  File "/home/appi/SLCM/apps/frappe/frappe/model/db_query.py", line 186, in execute
    if is_virtual_doctype(self.doctype):
       ^^^^^^^^^^^^^^^^^^^^^^^^^^^^^^^^
  File "/home/appi/SLCM/apps/frappe/frappe/utils/caching.py", line 157, in site_cache_wrapper
    result = func(*args, **kwargs)
             ^^^^^^^^^^^^^^^^^^^^^
  File "/home/appi/SLCM/apps/frappe/frappe/model/utils/__init__.py", line 141, in is_virtual_doctype
    return getattr(frappe.get_meta(doctype), "is_virtual", False)
                   ^^^^^^^^^^^^^^^^^^^^^^^^
  File "/home/appi/SLCM/apps/frappe/frappe/model/meta.py", line 89, in get_meta
    meta = Meta(doctype)
           ^^^^^^^^^^^^^
  File "/home/appi/SLCM/apps/frappe/frappe/model/meta.py", line 152, in __init__
    super().__init__("DocType", doctype)
  File "/home/appi/SLCM/apps/frappe/frappe/model/document.py", line 189, in __init__
    self.load_from_db()
  File "/home/appi/SLCM/apps/frappe/frappe/model/meta.py", line 158, in load_from_db
    super().load_from_db()
  File "/home/appi/SLCM/apps/frappe/frappe/model/document.py", line 265, in load_from_db
    self.load_children_from_db()
  File "/home/appi/SLCM/apps/frappe/frappe/model/document.py", line 299, in load_children_from_db
    self.set(fieldname, children)
  File "/home/appi/SLCM/apps/frappe/frappe/model/base_document.py", line 329, in set
    self.extend(key, value)
  File "/home/appi/SLCM/apps/frappe/frappe/model/base_document.py", line 399, in extend
    self.append(key, v)
  File "/home/appi/SLCM/apps/frappe/frappe/model/base_document.py", line 355, in append
    d = self._init_child(value, key)
        ^^^^^^^^^^^^^^^^^^^^^^^^^^^^
  File "/home/appi/SLCM/apps/frappe/frappe/model/base_document.py", line 421, in _init_child
    controller = get_controller(doctype)
                 ^^^^^^^^^^^^^^^^^^^^^^^
  File "/home/appi/SLCM/apps/frappe/frappe/model/base_document.py", line 101, in get_controller
    site_controllers[doctype] = import_controller(doctype)
                                ^^^^^^^^^^^^^^^^^^^^^^^^^^
  File "/home/appi/SLCM/apps/frappe/frappe/model/base_document.py", line 119, in import_controller
    class_overrides = frappe.get_hooks("override_doctype_class")
                      ^^^^^^^^^^^^^^^^^^^^^^^^^^^^^^^^^^^^^^^^^^
  File "/home/appi/SLCM/apps/frappe/frappe/__init__.py", line 984, in get_hooks
    hooks = _site_cached_load_app_hooks()
            ^^^^^^^^^^^^^^^^^^^^^^^^^^^^^
  File "/home/appi/SLCM/apps/frappe/frappe/utils/caching.py", line 157, in site_cache_wrapper
    result = func(*args, **kwargs)
             ^^^^^^^^^^^^^^^^^^^^^
  File "/home/appi/SLCM/apps/frappe/frappe/__init__.py", line 950, in _load_app_hooks
    app_hooks = get_module(f"{app}.hooks")
                ^^^^^^^^^^^^^^^^^^^^^^^^^^
  File "/home/appi/SLCM/apps/frappe/frappe/__init__.py", line 817, in get_module
    return importlib.import_module(modulename)
           ^^^^^^^^^^^^^^^^^^^^^^^^^^^^^^^^^^^
  File "/usr/lib/python3.12/importlib/__init__.py", line 90, in import_module
    return _bootstrap._gcd_import(name[level:], package, level)
           ^^^^^^^^^^^^^^^^^^^^^^^^^^^^^^^^^^^^^^^^^^^^^^^^^^^^
  File "<frozen importlib._bootstrap>", line 1387, in _gcd_import
  File "<frozen importlib._bootstrap>", line 1360, in _find_and_load
  File "<frozen importlib._bootstrap>", line 1310, in _find_and_load_unlocked
  File "<frozen importlib._bootstrap>", line 488, in _call_with_frames_removed
  File "<frozen importlib._bootstrap>", line 1387, in _gcd_import
  File "<frozen importlib._bootstrap>", line 1360, in _find_and_load
  File "<frozen importlib._bootstrap>", line 1324, in _find_and_load_unlocked
ModuleNotFoundError: No module named 'ms_calendar'
2025-12-10 10:10:01,472 ERROR scheduler Exception in Enqueue Events for Site education.local
Traceback (most recent call last):
  File "/home/appi/SLCM/apps/frappe/frappe/utils/scheduler.py", line 120, in enqueue_events_for_site
    enqueue_events()
  File "/home/appi/SLCM/apps/frappe/frappe/utils/scheduler.py", line 135, in enqueue_events
    all_jobs = frappe.get_all("Scheduled Job Type", filters={"stopped": 0}, fields="*")
               ^^^^^^^^^^^^^^^^^^^^^^^^^^^^^^^^^^^^^^^^^^^^^^^^^^^^^^^^^^^^^^^^^^^^^^^^
  File "/home/appi/SLCM/apps/frappe/frappe/__init__.py", line 1385, in get_all
    return get_list(doctype, *args, **kwargs)
           ^^^^^^^^^^^^^^^^^^^^^^^^^^^^^^^^^^
  File "/home/appi/SLCM/apps/frappe/frappe/__init__.py", line 1360, in get_list
    return frappe.model.db_query.DatabaseQuery(doctype).execute(*args, **kwargs)
           ^^^^^^^^^^^^^^^^^^^^^^^^^^^^^^^^^^^^^^^^^^^^^^^^^^^^^^^^^^^^^^^^^^^^^
  File "/home/appi/SLCM/apps/frappe/frappe/model/db_query.py", line 186, in execute
    if is_virtual_doctype(self.doctype):
       ^^^^^^^^^^^^^^^^^^^^^^^^^^^^^^^^
  File "/home/appi/SLCM/apps/frappe/frappe/utils/caching.py", line 157, in site_cache_wrapper
    result = func(*args, **kwargs)
             ^^^^^^^^^^^^^^^^^^^^^
  File "/home/appi/SLCM/apps/frappe/frappe/model/utils/__init__.py", line 141, in is_virtual_doctype
    return getattr(frappe.get_meta(doctype), "is_virtual", False)
                   ^^^^^^^^^^^^^^^^^^^^^^^^
  File "/home/appi/SLCM/apps/frappe/frappe/model/meta.py", line 89, in get_meta
    meta = Meta(doctype)
           ^^^^^^^^^^^^^
  File "/home/appi/SLCM/apps/frappe/frappe/model/meta.py", line 152, in __init__
    super().__init__("DocType", doctype)
  File "/home/appi/SLCM/apps/frappe/frappe/model/document.py", line 189, in __init__
    self.load_from_db()
  File "/home/appi/SLCM/apps/frappe/frappe/model/meta.py", line 158, in load_from_db
    super().load_from_db()
  File "/home/appi/SLCM/apps/frappe/frappe/model/document.py", line 265, in load_from_db
    self.load_children_from_db()
  File "/home/appi/SLCM/apps/frappe/frappe/model/document.py", line 299, in load_children_from_db
    self.set(fieldname, children)
  File "/home/appi/SLCM/apps/frappe/frappe/model/base_document.py", line 329, in set
    self.extend(key, value)
  File "/home/appi/SLCM/apps/frappe/frappe/model/base_document.py", line 399, in extend
    self.append(key, v)
  File "/home/appi/SLCM/apps/frappe/frappe/model/base_document.py", line 355, in append
    d = self._init_child(value, key)
        ^^^^^^^^^^^^^^^^^^^^^^^^^^^^
  File "/home/appi/SLCM/apps/frappe/frappe/model/base_document.py", line 421, in _init_child
    controller = get_controller(doctype)
                 ^^^^^^^^^^^^^^^^^^^^^^^
  File "/home/appi/SLCM/apps/frappe/frappe/model/base_document.py", line 101, in get_controller
    site_controllers[doctype] = import_controller(doctype)
                                ^^^^^^^^^^^^^^^^^^^^^^^^^^
  File "/home/appi/SLCM/apps/frappe/frappe/model/base_document.py", line 119, in import_controller
    class_overrides = frappe.get_hooks("override_doctype_class")
                      ^^^^^^^^^^^^^^^^^^^^^^^^^^^^^^^^^^^^^^^^^^
  File "/home/appi/SLCM/apps/frappe/frappe/__init__.py", line 984, in get_hooks
    hooks = _site_cached_load_app_hooks()
            ^^^^^^^^^^^^^^^^^^^^^^^^^^^^^
  File "/home/appi/SLCM/apps/frappe/frappe/utils/caching.py", line 157, in site_cache_wrapper
    result = func(*args, **kwargs)
             ^^^^^^^^^^^^^^^^^^^^^
  File "/home/appi/SLCM/apps/frappe/frappe/__init__.py", line 950, in _load_app_hooks
    app_hooks = get_module(f"{app}.hooks")
                ^^^^^^^^^^^^^^^^^^^^^^^^^^
  File "/home/appi/SLCM/apps/frappe/frappe/__init__.py", line 817, in get_module
    return importlib.import_module(modulename)
           ^^^^^^^^^^^^^^^^^^^^^^^^^^^^^^^^^^^
  File "/usr/lib/python3.12/importlib/__init__.py", line 90, in import_module
    return _bootstrap._gcd_import(name[level:], package, level)
           ^^^^^^^^^^^^^^^^^^^^^^^^^^^^^^^^^^^^^^^^^^^^^^^^^^^^
  File "<frozen importlib._bootstrap>", line 1387, in _gcd_import
  File "<frozen importlib._bootstrap>", line 1360, in _find_and_load
  File "<frozen importlib._bootstrap>", line 1310, in _find_and_load_unlocked
  File "<frozen importlib._bootstrap>", line 488, in _call_with_frames_removed
  File "<frozen importlib._bootstrap>", line 1387, in _gcd_import
  File "<frozen importlib._bootstrap>", line 1360, in _find_and_load
  File "<frozen importlib._bootstrap>", line 1324, in _find_and_load_unlocked
ModuleNotFoundError: No module named 'ms_calendar'
2025-12-10 10:14:00,488 ERROR scheduler Exception in Enqueue Events for Site education.local
Traceback (most recent call last):
  File "/home/appi/SLCM/apps/frappe/frappe/utils/scheduler.py", line 120, in enqueue_events_for_site
    enqueue_events()
  File "/home/appi/SLCM/apps/frappe/frappe/utils/scheduler.py", line 135, in enqueue_events
    all_jobs = frappe.get_all("Scheduled Job Type", filters={"stopped": 0}, fields="*")
               ^^^^^^^^^^^^^^^^^^^^^^^^^^^^^^^^^^^^^^^^^^^^^^^^^^^^^^^^^^^^^^^^^^^^^^^^
  File "/home/appi/SLCM/apps/frappe/frappe/__init__.py", line 1385, in get_all
    return get_list(doctype, *args, **kwargs)
           ^^^^^^^^^^^^^^^^^^^^^^^^^^^^^^^^^^
  File "/home/appi/SLCM/apps/frappe/frappe/__init__.py", line 1360, in get_list
    return frappe.model.db_query.DatabaseQuery(doctype).execute(*args, **kwargs)
           ^^^^^^^^^^^^^^^^^^^^^^^^^^^^^^^^^^^^^^^^^^^^^^^^^^^^^^^^^^^^^^^^^^^^^
  File "/home/appi/SLCM/apps/frappe/frappe/model/db_query.py", line 186, in execute
    if is_virtual_doctype(self.doctype):
       ^^^^^^^^^^^^^^^^^^^^^^^^^^^^^^^^
  File "/home/appi/SLCM/apps/frappe/frappe/utils/caching.py", line 157, in site_cache_wrapper
    result = func(*args, **kwargs)
             ^^^^^^^^^^^^^^^^^^^^^
  File "/home/appi/SLCM/apps/frappe/frappe/model/utils/__init__.py", line 141, in is_virtual_doctype
    return getattr(frappe.get_meta(doctype), "is_virtual", False)
                   ^^^^^^^^^^^^^^^^^^^^^^^^
  File "/home/appi/SLCM/apps/frappe/frappe/model/meta.py", line 89, in get_meta
    meta = Meta(doctype)
           ^^^^^^^^^^^^^
  File "/home/appi/SLCM/apps/frappe/frappe/model/meta.py", line 152, in __init__
    super().__init__("DocType", doctype)
  File "/home/appi/SLCM/apps/frappe/frappe/model/document.py", line 189, in __init__
    self.load_from_db()
  File "/home/appi/SLCM/apps/frappe/frappe/model/meta.py", line 158, in load_from_db
    super().load_from_db()
  File "/home/appi/SLCM/apps/frappe/frappe/model/document.py", line 265, in load_from_db
    self.load_children_from_db()
  File "/home/appi/SLCM/apps/frappe/frappe/model/document.py", line 299, in load_children_from_db
    self.set(fieldname, children)
  File "/home/appi/SLCM/apps/frappe/frappe/model/base_document.py", line 329, in set
    self.extend(key, value)
  File "/home/appi/SLCM/apps/frappe/frappe/model/base_document.py", line 399, in extend
    self.append(key, v)
  File "/home/appi/SLCM/apps/frappe/frappe/model/base_document.py", line 355, in append
    d = self._init_child(value, key)
        ^^^^^^^^^^^^^^^^^^^^^^^^^^^^
  File "/home/appi/SLCM/apps/frappe/frappe/model/base_document.py", line 421, in _init_child
    controller = get_controller(doctype)
                 ^^^^^^^^^^^^^^^^^^^^^^^
  File "/home/appi/SLCM/apps/frappe/frappe/model/base_document.py", line 101, in get_controller
    site_controllers[doctype] = import_controller(doctype)
                                ^^^^^^^^^^^^^^^^^^^^^^^^^^
  File "/home/appi/SLCM/apps/frappe/frappe/model/base_document.py", line 119, in import_controller
    class_overrides = frappe.get_hooks("override_doctype_class")
                      ^^^^^^^^^^^^^^^^^^^^^^^^^^^^^^^^^^^^^^^^^^
  File "/home/appi/SLCM/apps/frappe/frappe/__init__.py", line 984, in get_hooks
    hooks = _site_cached_load_app_hooks()
            ^^^^^^^^^^^^^^^^^^^^^^^^^^^^^
  File "/home/appi/SLCM/apps/frappe/frappe/utils/caching.py", line 157, in site_cache_wrapper
    result = func(*args, **kwargs)
             ^^^^^^^^^^^^^^^^^^^^^
  File "/home/appi/SLCM/apps/frappe/frappe/__init__.py", line 950, in _load_app_hooks
    app_hooks = get_module(f"{app}.hooks")
                ^^^^^^^^^^^^^^^^^^^^^^^^^^
  File "/home/appi/SLCM/apps/frappe/frappe/__init__.py", line 817, in get_module
    return importlib.import_module(modulename)
           ^^^^^^^^^^^^^^^^^^^^^^^^^^^^^^^^^^^
  File "/usr/lib/python3.12/importlib/__init__.py", line 90, in import_module
    return _bootstrap._gcd_import(name[level:], package, level)
           ^^^^^^^^^^^^^^^^^^^^^^^^^^^^^^^^^^^^^^^^^^^^^^^^^^^^
  File "<frozen importlib._bootstrap>", line 1387, in _gcd_import
  File "<frozen importlib._bootstrap>", line 1360, in _find_and_load
  File "<frozen importlib._bootstrap>", line 1310, in _find_and_load_unlocked
  File "<frozen importlib._bootstrap>", line 488, in _call_with_frames_removed
  File "<frozen importlib._bootstrap>", line 1387, in _gcd_import
  File "<frozen importlib._bootstrap>", line 1360, in _find_and_load
  File "<frozen importlib._bootstrap>", line 1324, in _find_and_load_unlocked
ModuleNotFoundError: No module named 'ms_calendar'
2025-12-10 10:18:00,501 ERROR scheduler Exception in Enqueue Events for Site education.local
Traceback (most recent call last):
  File "/home/appi/SLCM/apps/frappe/frappe/utils/scheduler.py", line 120, in enqueue_events_for_site
    enqueue_events()
  File "/home/appi/SLCM/apps/frappe/frappe/utils/scheduler.py", line 135, in enqueue_events
    all_jobs = frappe.get_all("Scheduled Job Type", filters={"stopped": 0}, fields="*")
               ^^^^^^^^^^^^^^^^^^^^^^^^^^^^^^^^^^^^^^^^^^^^^^^^^^^^^^^^^^^^^^^^^^^^^^^^
  File "/home/appi/SLCM/apps/frappe/frappe/__init__.py", line 1385, in get_all
    return get_list(doctype, *args, **kwargs)
           ^^^^^^^^^^^^^^^^^^^^^^^^^^^^^^^^^^
  File "/home/appi/SLCM/apps/frappe/frappe/__init__.py", line 1360, in get_list
    return frappe.model.db_query.DatabaseQuery(doctype).execute(*args, **kwargs)
           ^^^^^^^^^^^^^^^^^^^^^^^^^^^^^^^^^^^^^^^^^^^^^^^^^^^^^^^^^^^^^^^^^^^^^
  File "/home/appi/SLCM/apps/frappe/frappe/model/db_query.py", line 186, in execute
    if is_virtual_doctype(self.doctype):
       ^^^^^^^^^^^^^^^^^^^^^^^^^^^^^^^^
  File "/home/appi/SLCM/apps/frappe/frappe/utils/caching.py", line 157, in site_cache_wrapper
    result = func(*args, **kwargs)
             ^^^^^^^^^^^^^^^^^^^^^
  File "/home/appi/SLCM/apps/frappe/frappe/model/utils/__init__.py", line 141, in is_virtual_doctype
    return getattr(frappe.get_meta(doctype), "is_virtual", False)
                   ^^^^^^^^^^^^^^^^^^^^^^^^
  File "/home/appi/SLCM/apps/frappe/frappe/model/meta.py", line 89, in get_meta
    meta = Meta(doctype)
           ^^^^^^^^^^^^^
  File "/home/appi/SLCM/apps/frappe/frappe/model/meta.py", line 152, in __init__
    super().__init__("DocType", doctype)
  File "/home/appi/SLCM/apps/frappe/frappe/model/document.py", line 189, in __init__
    self.load_from_db()
  File "/home/appi/SLCM/apps/frappe/frappe/model/meta.py", line 158, in load_from_db
    super().load_from_db()
  File "/home/appi/SLCM/apps/frappe/frappe/model/document.py", line 265, in load_from_db
    self.load_children_from_db()
  File "/home/appi/SLCM/apps/frappe/frappe/model/document.py", line 299, in load_children_from_db
    self.set(fieldname, children)
  File "/home/appi/SLCM/apps/frappe/frappe/model/base_document.py", line 329, in set
    self.extend(key, value)
  File "/home/appi/SLCM/apps/frappe/frappe/model/base_document.py", line 399, in extend
    self.append(key, v)
  File "/home/appi/SLCM/apps/frappe/frappe/model/base_document.py", line 355, in append
    d = self._init_child(value, key)
        ^^^^^^^^^^^^^^^^^^^^^^^^^^^^
  File "/home/appi/SLCM/apps/frappe/frappe/model/base_document.py", line 421, in _init_child
    controller = get_controller(doctype)
                 ^^^^^^^^^^^^^^^^^^^^^^^
  File "/home/appi/SLCM/apps/frappe/frappe/model/base_document.py", line 101, in get_controller
    site_controllers[doctype] = import_controller(doctype)
                                ^^^^^^^^^^^^^^^^^^^^^^^^^^
  File "/home/appi/SLCM/apps/frappe/frappe/model/base_document.py", line 119, in import_controller
    class_overrides = frappe.get_hooks("override_doctype_class")
                      ^^^^^^^^^^^^^^^^^^^^^^^^^^^^^^^^^^^^^^^^^^
  File "/home/appi/SLCM/apps/frappe/frappe/__init__.py", line 984, in get_hooks
    hooks = _site_cached_load_app_hooks()
            ^^^^^^^^^^^^^^^^^^^^^^^^^^^^^
  File "/home/appi/SLCM/apps/frappe/frappe/utils/caching.py", line 157, in site_cache_wrapper
    result = func(*args, **kwargs)
             ^^^^^^^^^^^^^^^^^^^^^
  File "/home/appi/SLCM/apps/frappe/frappe/__init__.py", line 950, in _load_app_hooks
    app_hooks = get_module(f"{app}.hooks")
                ^^^^^^^^^^^^^^^^^^^^^^^^^^
  File "/home/appi/SLCM/apps/frappe/frappe/__init__.py", line 817, in get_module
    return importlib.import_module(modulename)
           ^^^^^^^^^^^^^^^^^^^^^^^^^^^^^^^^^^^
  File "/usr/lib/python3.12/importlib/__init__.py", line 90, in import_module
    return _bootstrap._gcd_import(name[level:], package, level)
           ^^^^^^^^^^^^^^^^^^^^^^^^^^^^^^^^^^^^^^^^^^^^^^^^^^^^
  File "<frozen importlib._bootstrap>", line 1387, in _gcd_import
  File "<frozen importlib._bootstrap>", line 1360, in _find_and_load
  File "<frozen importlib._bootstrap>", line 1310, in _find_and_load_unlocked
  File "<frozen importlib._bootstrap>", line 488, in _call_with_frames_removed
  File "<frozen importlib._bootstrap>", line 1387, in _gcd_import
  File "<frozen importlib._bootstrap>", line 1360, in _find_and_load
  File "<frozen importlib._bootstrap>", line 1324, in _find_and_load_unlocked
ModuleNotFoundError: No module named 'ms_calendar'
2025-12-10 10:22:00,512 ERROR scheduler Exception in Enqueue Events for Site education.local
Traceback (most recent call last):
  File "/home/appi/SLCM/apps/frappe/frappe/utils/scheduler.py", line 120, in enqueue_events_for_site
    enqueue_events()
  File "/home/appi/SLCM/apps/frappe/frappe/utils/scheduler.py", line 135, in enqueue_events
    all_jobs = frappe.get_all("Scheduled Job Type", filters={"stopped": 0}, fields="*")
               ^^^^^^^^^^^^^^^^^^^^^^^^^^^^^^^^^^^^^^^^^^^^^^^^^^^^^^^^^^^^^^^^^^^^^^^^
  File "/home/appi/SLCM/apps/frappe/frappe/__init__.py", line 1385, in get_all
    return get_list(doctype, *args, **kwargs)
           ^^^^^^^^^^^^^^^^^^^^^^^^^^^^^^^^^^
  File "/home/appi/SLCM/apps/frappe/frappe/__init__.py", line 1360, in get_list
    return frappe.model.db_query.DatabaseQuery(doctype).execute(*args, **kwargs)
           ^^^^^^^^^^^^^^^^^^^^^^^^^^^^^^^^^^^^^^^^^^^^^^^^^^^^^^^^^^^^^^^^^^^^^
  File "/home/appi/SLCM/apps/frappe/frappe/model/db_query.py", line 186, in execute
    if is_virtual_doctype(self.doctype):
       ^^^^^^^^^^^^^^^^^^^^^^^^^^^^^^^^
  File "/home/appi/SLCM/apps/frappe/frappe/utils/caching.py", line 157, in site_cache_wrapper
    result = func(*args, **kwargs)
             ^^^^^^^^^^^^^^^^^^^^^
  File "/home/appi/SLCM/apps/frappe/frappe/model/utils/__init__.py", line 141, in is_virtual_doctype
    return getattr(frappe.get_meta(doctype), "is_virtual", False)
                   ^^^^^^^^^^^^^^^^^^^^^^^^
  File "/home/appi/SLCM/apps/frappe/frappe/model/meta.py", line 89, in get_meta
    meta = Meta(doctype)
           ^^^^^^^^^^^^^
  File "/home/appi/SLCM/apps/frappe/frappe/model/meta.py", line 152, in __init__
    super().__init__("DocType", doctype)
  File "/home/appi/SLCM/apps/frappe/frappe/model/document.py", line 189, in __init__
    self.load_from_db()
  File "/home/appi/SLCM/apps/frappe/frappe/model/meta.py", line 158, in load_from_db
    super().load_from_db()
  File "/home/appi/SLCM/apps/frappe/frappe/model/document.py", line 265, in load_from_db
    self.load_children_from_db()
  File "/home/appi/SLCM/apps/frappe/frappe/model/document.py", line 299, in load_children_from_db
    self.set(fieldname, children)
  File "/home/appi/SLCM/apps/frappe/frappe/model/base_document.py", line 329, in set
    self.extend(key, value)
  File "/home/appi/SLCM/apps/frappe/frappe/model/base_document.py", line 399, in extend
    self.append(key, v)
  File "/home/appi/SLCM/apps/frappe/frappe/model/base_document.py", line 355, in append
    d = self._init_child(value, key)
        ^^^^^^^^^^^^^^^^^^^^^^^^^^^^
  File "/home/appi/SLCM/apps/frappe/frappe/model/base_document.py", line 421, in _init_child
    controller = get_controller(doctype)
                 ^^^^^^^^^^^^^^^^^^^^^^^
  File "/home/appi/SLCM/apps/frappe/frappe/model/base_document.py", line 101, in get_controller
    site_controllers[doctype] = import_controller(doctype)
                                ^^^^^^^^^^^^^^^^^^^^^^^^^^
  File "/home/appi/SLCM/apps/frappe/frappe/model/base_document.py", line 119, in import_controller
    class_overrides = frappe.get_hooks("override_doctype_class")
                      ^^^^^^^^^^^^^^^^^^^^^^^^^^^^^^^^^^^^^^^^^^
  File "/home/appi/SLCM/apps/frappe/frappe/__init__.py", line 984, in get_hooks
    hooks = _site_cached_load_app_hooks()
            ^^^^^^^^^^^^^^^^^^^^^^^^^^^^^
  File "/home/appi/SLCM/apps/frappe/frappe/utils/caching.py", line 157, in site_cache_wrapper
    result = func(*args, **kwargs)
             ^^^^^^^^^^^^^^^^^^^^^
  File "/home/appi/SLCM/apps/frappe/frappe/__init__.py", line 950, in _load_app_hooks
    app_hooks = get_module(f"{app}.hooks")
                ^^^^^^^^^^^^^^^^^^^^^^^^^^
  File "/home/appi/SLCM/apps/frappe/frappe/__init__.py", line 817, in get_module
    return importlib.import_module(modulename)
           ^^^^^^^^^^^^^^^^^^^^^^^^^^^^^^^^^^^
  File "/usr/lib/python3.12/importlib/__init__.py", line 90, in import_module
    return _bootstrap._gcd_import(name[level:], package, level)
           ^^^^^^^^^^^^^^^^^^^^^^^^^^^^^^^^^^^^^^^^^^^^^^^^^^^^
  File "<frozen importlib._bootstrap>", line 1387, in _gcd_import
  File "<frozen importlib._bootstrap>", line 1360, in _find_and_load
  File "<frozen importlib._bootstrap>", line 1310, in _find_and_load_unlocked
  File "<frozen importlib._bootstrap>", line 488, in _call_with_frames_removed
  File "<frozen importlib._bootstrap>", line 1387, in _gcd_import
  File "<frozen importlib._bootstrap>", line 1360, in _find_and_load
  File "<frozen importlib._bootstrap>", line 1324, in _find_and_load_unlocked
ModuleNotFoundError: No module named 'ms_calendar'
2025-12-10 10:26:00,526 ERROR scheduler Exception in Enqueue Events for Site education.local
Traceback (most recent call last):
  File "/home/appi/SLCM/apps/frappe/frappe/utils/scheduler.py", line 120, in enqueue_events_for_site
    enqueue_events()
  File "/home/appi/SLCM/apps/frappe/frappe/utils/scheduler.py", line 135, in enqueue_events
    all_jobs = frappe.get_all("Scheduled Job Type", filters={"stopped": 0}, fields="*")
               ^^^^^^^^^^^^^^^^^^^^^^^^^^^^^^^^^^^^^^^^^^^^^^^^^^^^^^^^^^^^^^^^^^^^^^^^
  File "/home/appi/SLCM/apps/frappe/frappe/__init__.py", line 1385, in get_all
    return get_list(doctype, *args, **kwargs)
           ^^^^^^^^^^^^^^^^^^^^^^^^^^^^^^^^^^
  File "/home/appi/SLCM/apps/frappe/frappe/__init__.py", line 1360, in get_list
    return frappe.model.db_query.DatabaseQuery(doctype).execute(*args, **kwargs)
           ^^^^^^^^^^^^^^^^^^^^^^^^^^^^^^^^^^^^^^^^^^^^^^^^^^^^^^^^^^^^^^^^^^^^^
  File "/home/appi/SLCM/apps/frappe/frappe/model/db_query.py", line 186, in execute
    if is_virtual_doctype(self.doctype):
       ^^^^^^^^^^^^^^^^^^^^^^^^^^^^^^^^
  File "/home/appi/SLCM/apps/frappe/frappe/utils/caching.py", line 157, in site_cache_wrapper
    result = func(*args, **kwargs)
             ^^^^^^^^^^^^^^^^^^^^^
  File "/home/appi/SLCM/apps/frappe/frappe/model/utils/__init__.py", line 141, in is_virtual_doctype
    return getattr(frappe.get_meta(doctype), "is_virtual", False)
                   ^^^^^^^^^^^^^^^^^^^^^^^^
  File "/home/appi/SLCM/apps/frappe/frappe/model/meta.py", line 89, in get_meta
    meta = Meta(doctype)
           ^^^^^^^^^^^^^
  File "/home/appi/SLCM/apps/frappe/frappe/model/meta.py", line 152, in __init__
    super().__init__("DocType", doctype)
  File "/home/appi/SLCM/apps/frappe/frappe/model/document.py", line 189, in __init__
    self.load_from_db()
  File "/home/appi/SLCM/apps/frappe/frappe/model/meta.py", line 158, in load_from_db
    super().load_from_db()
  File "/home/appi/SLCM/apps/frappe/frappe/model/document.py", line 265, in load_from_db
    self.load_children_from_db()
  File "/home/appi/SLCM/apps/frappe/frappe/model/document.py", line 299, in load_children_from_db
    self.set(fieldname, children)
  File "/home/appi/SLCM/apps/frappe/frappe/model/base_document.py", line 329, in set
    self.extend(key, value)
  File "/home/appi/SLCM/apps/frappe/frappe/model/base_document.py", line 399, in extend
    self.append(key, v)
  File "/home/appi/SLCM/apps/frappe/frappe/model/base_document.py", line 355, in append
    d = self._init_child(value, key)
        ^^^^^^^^^^^^^^^^^^^^^^^^^^^^
  File "/home/appi/SLCM/apps/frappe/frappe/model/base_document.py", line 421, in _init_child
    controller = get_controller(doctype)
                 ^^^^^^^^^^^^^^^^^^^^^^^
  File "/home/appi/SLCM/apps/frappe/frappe/model/base_document.py", line 101, in get_controller
    site_controllers[doctype] = import_controller(doctype)
                                ^^^^^^^^^^^^^^^^^^^^^^^^^^
  File "/home/appi/SLCM/apps/frappe/frappe/model/base_document.py", line 119, in import_controller
    class_overrides = frappe.get_hooks("override_doctype_class")
                      ^^^^^^^^^^^^^^^^^^^^^^^^^^^^^^^^^^^^^^^^^^
  File "/home/appi/SLCM/apps/frappe/frappe/__init__.py", line 984, in get_hooks
    hooks = _site_cached_load_app_hooks()
            ^^^^^^^^^^^^^^^^^^^^^^^^^^^^^
  File "/home/appi/SLCM/apps/frappe/frappe/utils/caching.py", line 157, in site_cache_wrapper
    result = func(*args, **kwargs)
             ^^^^^^^^^^^^^^^^^^^^^
  File "/home/appi/SLCM/apps/frappe/frappe/__init__.py", line 950, in _load_app_hooks
    app_hooks = get_module(f"{app}.hooks")
                ^^^^^^^^^^^^^^^^^^^^^^^^^^
  File "/home/appi/SLCM/apps/frappe/frappe/__init__.py", line 817, in get_module
    return importlib.import_module(modulename)
           ^^^^^^^^^^^^^^^^^^^^^^^^^^^^^^^^^^^
  File "/usr/lib/python3.12/importlib/__init__.py", line 90, in import_module
    return _bootstrap._gcd_import(name[level:], package, level)
           ^^^^^^^^^^^^^^^^^^^^^^^^^^^^^^^^^^^^^^^^^^^^^^^^^^^^
  File "<frozen importlib._bootstrap>", line 1387, in _gcd_import
  File "<frozen importlib._bootstrap>", line 1360, in _find_and_load
  File "<frozen importlib._bootstrap>", line 1310, in _find_and_load_unlocked
  File "<frozen importlib._bootstrap>", line 488, in _call_with_frames_removed
  File "<frozen importlib._bootstrap>", line 1387, in _gcd_import
  File "<frozen importlib._bootstrap>", line 1360, in _find_and_load
  File "<frozen importlib._bootstrap>", line 1324, in _find_and_load_unlocked
ModuleNotFoundError: No module named 'ms_calendar'
2025-12-10 10:30:00,541 ERROR scheduler Exception in Enqueue Events for Site education.local
Traceback (most recent call last):
  File "/home/appi/SLCM/apps/frappe/frappe/utils/scheduler.py", line 120, in enqueue_events_for_site
    enqueue_events()
  File "/home/appi/SLCM/apps/frappe/frappe/utils/scheduler.py", line 135, in enqueue_events
    all_jobs = frappe.get_all("Scheduled Job Type", filters={"stopped": 0}, fields="*")
               ^^^^^^^^^^^^^^^^^^^^^^^^^^^^^^^^^^^^^^^^^^^^^^^^^^^^^^^^^^^^^^^^^^^^^^^^
  File "/home/appi/SLCM/apps/frappe/frappe/__init__.py", line 1385, in get_all
    return get_list(doctype, *args, **kwargs)
           ^^^^^^^^^^^^^^^^^^^^^^^^^^^^^^^^^^
  File "/home/appi/SLCM/apps/frappe/frappe/__init__.py", line 1360, in get_list
    return frappe.model.db_query.DatabaseQuery(doctype).execute(*args, **kwargs)
           ^^^^^^^^^^^^^^^^^^^^^^^^^^^^^^^^^^^^^^^^^^^^^^^^^^^^^^^^^^^^^^^^^^^^^
  File "/home/appi/SLCM/apps/frappe/frappe/model/db_query.py", line 186, in execute
    if is_virtual_doctype(self.doctype):
       ^^^^^^^^^^^^^^^^^^^^^^^^^^^^^^^^
  File "/home/appi/SLCM/apps/frappe/frappe/utils/caching.py", line 157, in site_cache_wrapper
    result = func(*args, **kwargs)
             ^^^^^^^^^^^^^^^^^^^^^
  File "/home/appi/SLCM/apps/frappe/frappe/model/utils/__init__.py", line 141, in is_virtual_doctype
    return getattr(frappe.get_meta(doctype), "is_virtual", False)
                   ^^^^^^^^^^^^^^^^^^^^^^^^
  File "/home/appi/SLCM/apps/frappe/frappe/model/meta.py", line 89, in get_meta
    meta = Meta(doctype)
           ^^^^^^^^^^^^^
  File "/home/appi/SLCM/apps/frappe/frappe/model/meta.py", line 152, in __init__
    super().__init__("DocType", doctype)
  File "/home/appi/SLCM/apps/frappe/frappe/model/document.py", line 189, in __init__
    self.load_from_db()
  File "/home/appi/SLCM/apps/frappe/frappe/model/meta.py", line 158, in load_from_db
    super().load_from_db()
  File "/home/appi/SLCM/apps/frappe/frappe/model/document.py", line 265, in load_from_db
    self.load_children_from_db()
  File "/home/appi/SLCM/apps/frappe/frappe/model/document.py", line 299, in load_children_from_db
    self.set(fieldname, children)
  File "/home/appi/SLCM/apps/frappe/frappe/model/base_document.py", line 329, in set
    self.extend(key, value)
  File "/home/appi/SLCM/apps/frappe/frappe/model/base_document.py", line 399, in extend
    self.append(key, v)
  File "/home/appi/SLCM/apps/frappe/frappe/model/base_document.py", line 355, in append
    d = self._init_child(value, key)
        ^^^^^^^^^^^^^^^^^^^^^^^^^^^^
  File "/home/appi/SLCM/apps/frappe/frappe/model/base_document.py", line 421, in _init_child
    controller = get_controller(doctype)
                 ^^^^^^^^^^^^^^^^^^^^^^^
  File "/home/appi/SLCM/apps/frappe/frappe/model/base_document.py", line 101, in get_controller
    site_controllers[doctype] = import_controller(doctype)
                                ^^^^^^^^^^^^^^^^^^^^^^^^^^
  File "/home/appi/SLCM/apps/frappe/frappe/model/base_document.py", line 119, in import_controller
    class_overrides = frappe.get_hooks("override_doctype_class")
                      ^^^^^^^^^^^^^^^^^^^^^^^^^^^^^^^^^^^^^^^^^^
  File "/home/appi/SLCM/apps/frappe/frappe/__init__.py", line 984, in get_hooks
    hooks = _site_cached_load_app_hooks()
            ^^^^^^^^^^^^^^^^^^^^^^^^^^^^^
  File "/home/appi/SLCM/apps/frappe/frappe/utils/caching.py", line 157, in site_cache_wrapper
    result = func(*args, **kwargs)
             ^^^^^^^^^^^^^^^^^^^^^
  File "/home/appi/SLCM/apps/frappe/frappe/__init__.py", line 950, in _load_app_hooks
    app_hooks = get_module(f"{app}.hooks")
                ^^^^^^^^^^^^^^^^^^^^^^^^^^
  File "/home/appi/SLCM/apps/frappe/frappe/__init__.py", line 817, in get_module
    return importlib.import_module(modulename)
           ^^^^^^^^^^^^^^^^^^^^^^^^^^^^^^^^^^^
  File "/usr/lib/python3.12/importlib/__init__.py", line 90, in import_module
    return _bootstrap._gcd_import(name[level:], package, level)
           ^^^^^^^^^^^^^^^^^^^^^^^^^^^^^^^^^^^^^^^^^^^^^^^^^^^^
  File "<frozen importlib._bootstrap>", line 1387, in _gcd_import
  File "<frozen importlib._bootstrap>", line 1360, in _find_and_load
  File "<frozen importlib._bootstrap>", line 1310, in _find_and_load_unlocked
  File "<frozen importlib._bootstrap>", line 488, in _call_with_frames_removed
  File "<frozen importlib._bootstrap>", line 1387, in _gcd_import
  File "<frozen importlib._bootstrap>", line 1360, in _find_and_load
  File "<frozen importlib._bootstrap>", line 1324, in _find_and_load_unlocked
ModuleNotFoundError: No module named 'ms_calendar'
2025-12-10 12:02:00,735 ERROR scheduler Exception in Enqueue Events for Site education.local
Traceback (most recent call last):
  File "/home/appi/SLCM/apps/frappe/frappe/utils/scheduler.py", line 120, in enqueue_events_for_site
    enqueue_events()
  File "/home/appi/SLCM/apps/frappe/frappe/utils/scheduler.py", line 135, in enqueue_events
    all_jobs = frappe.get_all("Scheduled Job Type", filters={"stopped": 0}, fields="*")
               ^^^^^^^^^^^^^^^^^^^^^^^^^^^^^^^^^^^^^^^^^^^^^^^^^^^^^^^^^^^^^^^^^^^^^^^^
  File "/home/appi/SLCM/apps/frappe/frappe/__init__.py", line 1385, in get_all
    return get_list(doctype, *args, **kwargs)
           ^^^^^^^^^^^^^^^^^^^^^^^^^^^^^^^^^^
  File "/home/appi/SLCM/apps/frappe/frappe/__init__.py", line 1360, in get_list
    return frappe.model.db_query.DatabaseQuery(doctype).execute(*args, **kwargs)
           ^^^^^^^^^^^^^^^^^^^^^^^^^^^^^^^^^^^^^^^^^^^^^^^^^^^^^^^^^^^^^^^^^^^^^
  File "/home/appi/SLCM/apps/frappe/frappe/model/db_query.py", line 186, in execute
    if is_virtual_doctype(self.doctype):
       ^^^^^^^^^^^^^^^^^^^^^^^^^^^^^^^^
  File "/home/appi/SLCM/apps/frappe/frappe/utils/caching.py", line 157, in site_cache_wrapper
    result = func(*args, **kwargs)
             ^^^^^^^^^^^^^^^^^^^^^
  File "/home/appi/SLCM/apps/frappe/frappe/model/utils/__init__.py", line 141, in is_virtual_doctype
    return getattr(frappe.get_meta(doctype), "is_virtual", False)
                   ^^^^^^^^^^^^^^^^^^^^^^^^
  File "/home/appi/SLCM/apps/frappe/frappe/model/meta.py", line 89, in get_meta
    meta = Meta(doctype)
           ^^^^^^^^^^^^^
  File "/home/appi/SLCM/apps/frappe/frappe/model/meta.py", line 152, in __init__
    super().__init__("DocType", doctype)
  File "/home/appi/SLCM/apps/frappe/frappe/model/document.py", line 189, in __init__
    self.load_from_db()
  File "/home/appi/SLCM/apps/frappe/frappe/model/meta.py", line 158, in load_from_db
    super().load_from_db()
  File "/home/appi/SLCM/apps/frappe/frappe/model/document.py", line 265, in load_from_db
    self.load_children_from_db()
  File "/home/appi/SLCM/apps/frappe/frappe/model/document.py", line 299, in load_children_from_db
    self.set(fieldname, children)
  File "/home/appi/SLCM/apps/frappe/frappe/model/base_document.py", line 329, in set
    self.extend(key, value)
  File "/home/appi/SLCM/apps/frappe/frappe/model/base_document.py", line 399, in extend
    self.append(key, v)
  File "/home/appi/SLCM/apps/frappe/frappe/model/base_document.py", line 355, in append
    d = self._init_child(value, key)
        ^^^^^^^^^^^^^^^^^^^^^^^^^^^^
  File "/home/appi/SLCM/apps/frappe/frappe/model/base_document.py", line 421, in _init_child
    controller = get_controller(doctype)
                 ^^^^^^^^^^^^^^^^^^^^^^^
  File "/home/appi/SLCM/apps/frappe/frappe/model/base_document.py", line 101, in get_controller
    site_controllers[doctype] = import_controller(doctype)
                                ^^^^^^^^^^^^^^^^^^^^^^^^^^
  File "/home/appi/SLCM/apps/frappe/frappe/model/base_document.py", line 119, in import_controller
    class_overrides = frappe.get_hooks("override_doctype_class")
                      ^^^^^^^^^^^^^^^^^^^^^^^^^^^^^^^^^^^^^^^^^^
  File "/home/appi/SLCM/apps/frappe/frappe/__init__.py", line 984, in get_hooks
    hooks = _site_cached_load_app_hooks()
            ^^^^^^^^^^^^^^^^^^^^^^^^^^^^^
  File "/home/appi/SLCM/apps/frappe/frappe/utils/caching.py", line 157, in site_cache_wrapper
    result = func(*args, **kwargs)
             ^^^^^^^^^^^^^^^^^^^^^
  File "/home/appi/SLCM/apps/frappe/frappe/__init__.py", line 950, in _load_app_hooks
    app_hooks = get_module(f"{app}.hooks")
                ^^^^^^^^^^^^^^^^^^^^^^^^^^
  File "/home/appi/SLCM/apps/frappe/frappe/__init__.py", line 817, in get_module
    return importlib.import_module(modulename)
           ^^^^^^^^^^^^^^^^^^^^^^^^^^^^^^^^^^^
  File "/usr/lib/python3.12/importlib/__init__.py", line 90, in import_module
    return _bootstrap._gcd_import(name[level:], package, level)
           ^^^^^^^^^^^^^^^^^^^^^^^^^^^^^^^^^^^^^^^^^^^^^^^^^^^^
  File "<frozen importlib._bootstrap>", line 1387, in _gcd_import
  File "<frozen importlib._bootstrap>", line 1360, in _find_and_load
  File "<frozen importlib._bootstrap>", line 1310, in _find_and_load_unlocked
  File "<frozen importlib._bootstrap>", line 488, in _call_with_frames_removed
  File "<frozen importlib._bootstrap>", line 1387, in _gcd_import
  File "<frozen importlib._bootstrap>", line 1360, in _find_and_load
  File "<frozen importlib._bootstrap>", line 1324, in _find_and_load_unlocked
ModuleNotFoundError: No module named 'ms_calendar'
